{"numFailedTestSuites":4,"numFailedTests":17,"numPassedTestSuites":14,"numPassedTests":55,"numPendingTestSuites":1,"numPendingTests":3,"numRuntimeErrorTestSuites":1,"numTodoTests":0,"numTotalTestSuites":19,"numTotalTests":75,"openHandles":[],"snapshot":{"added":0,"didUpdate":false,"failure":false,"filesAdded":0,"filesRemoved":0,"filesRemovedList":[],"filesUnmatched":0,"filesUpdated":0,"matched":0,"total":0,"unchecked":0,"uncheckedKeysByFile":[],"unmatched":0,"updated":0},"startTime":1768424722672,"success":false,"testResults":[{"assertionResults":[{"ancestorTitles":["Secretary Remote Access Controls (Digital Ocean)"],"duration":null,"failureDetails":[],"failureMessages":[],"fullName":"Secretary Remote Access Controls (Digital Ocean) allows viewing chairman stats and logs access","invocations":1,"location":null,"numPassingAsserts":0,"retryReasons":[],"status":"pending","title":"allows viewing chairman stats and logs access"},{"ancestorTitles":["Secretary Remote Access Controls (Digital Ocean)"],"duration":null,"failureDetails":[],"failureMessages":[],"fullName":"Secretary Remote Access Controls (Digital Ocean) blocks secretary from creating expenses","invocations":1,"location":null,"numPassingAsserts":0,"retryReasons":[],"status":"pending","title":"blocks secretary from creating expenses"},{"ancestorTitles":["Secretary Remote Access Controls (Digital Ocean)"],"duration":null,"failureDetails":[],"failureMessages":[],"fullName":"Secretary Remote Access Controls (Digital Ocean) allows secretary to view loans","invocations":1,"location":null,"numPassingAsserts":0,"retryReasons":[],"status":"pending","title":"allows secretary to view loans"}],"coverage":{},"endTime":1768424792094,"message":"","name":"C:\\Users\\7410\\imanmcs_project\\backend\\__tests__\\secretaryAccess_remote.test.js","startTime":1768424792094,"status":"skipped","summary":""},{"assertionResults":[{"ancestorTitles":["Admin Member Bulk Import Functionality"],"duration":112,"failureDetails":[],"failureMessages":[],"fullName":"Admin Member Bulk Import Functionality fails when no file is uploaded","invocations":1,"location":null,"numPassingAsserts":3,"retryReasons":[],"status":"passed","title":"fails when no file is uploaded"},{"ancestorTitles":["Admin Member Bulk Import Functionality"],"duration":75,"failureDetails":[],"failureMessages":[],"fullName":"Admin Member Bulk Import Functionality fails when file type is invalid","invocations":1,"location":null,"numPassingAsserts":2,"retryReasons":[],"status":"passed","title":"fails when file type is invalid"},{"ancestorTitles":["Admin Member Bulk Import Functionality"],"duration":427,"failureDetails":[],"failureMessages":[],"fullName":"Admin Member Bulk Import Functionality successfully imports members via CSV","invocations":1,"location":null,"numPassingAsserts":7,"retryReasons":[],"status":"passed","title":"successfully imports members via CSV"},{"ancestorTitles":["Admin Member Bulk Import Functionality"],"duration":58,"failureDetails":[],"failureMessages":[],"fullName":"Admin Member Bulk Import Functionality handles validation errors (missing fields) gracefully","invocations":1,"location":null,"numPassingAsserts":5,"retryReasons":[],"status":"passed","title":"handles validation errors (missing fields) gracefully"},{"ancestorTitles":["Admin Member Bulk Import Functionality"],"duration":189,"failureDetails":[],"failureMessages":[],"fullName":"Admin Member Bulk Import Functionality skips duplicates and imports valid members","invocations":1,"location":null,"numPassingAsserts":3,"retryReasons":[],"status":"passed","title":"skips duplicates and imports valid members"},{"ancestorTitles":["Admin Member Bulk Import Functionality"],"duration":271,"failureDetails":[],"failureMessages":[],"fullName":"Admin Member Bulk Import Functionality successfully imports members from Excel file","invocations":1,"location":null,"numPassingAsserts":6,"retryReasons":[],"status":"passed","title":"successfully imports members from Excel file"},{"ancestorTitles":["Admin Member Bulk Import Functionality"],"duration":224,"failureDetails":[],"failureMessages":[],"fullName":"Admin Member Bulk Import Functionality successfully imports members with numeric PSN (Excel)","invocations":1,"location":null,"numPassingAsserts":5,"retryReasons":[],"status":"passed","title":"successfully imports members with numeric PSN (Excel)"},{"ancestorTitles":["Admin Member Bulk Import Functionality"],"duration":156,"failureDetails":[],"failureMessages":[],"fullName":"Admin Member Bulk Import Functionality successfully imports members with formatted numbers (e.g., 5,000)","invocations":1,"location":null,"numPassingAsserts":4,"retryReasons":[],"status":"passed","title":"successfully imports members with formatted numbers (e.g., 5,000)"},{"ancestorTitles":["Admin Member Bulk Import Functionality"],"duration":65,"failureDetails":[],"failureMessages":[],"fullName":"Admin Member Bulk Import Functionality fails when data type mismatch occurs","invocations":1,"location":null,"numPassingAsserts":2,"retryReasons":[],"status":"passed","title":"fails when data type mismatch occurs"}],"endTime":1768424733184,"message":"","name":"C:\\Users\\7410\\imanmcs_project\\backend\\__tests__\\memberBulkImport.test.js","startTime":1768424728909,"status":"passed","summary":""},{"assertionResults":[{"ancestorTitles":["Authentication API","POST /auth/login"],"duration":0,"failureDetails":[{"name":"SequelizeValidationError","errors":[{"message":"User.membership_application_id cannot be null","type":"notNull Violation","path":"membership_application_id","value":null,"origin":"CORE","instance":{"dataValues":{"created_at":{},"updated_at":{},"additional_role":null,"is_default_password":false,"deleted_at":null,"id":null,"password_hash":"$2a$10$8L0QHerUc8n9mDlaHHGzKOu8oa3Sw2360C7zp3qGNTCqzWh5kv6iy","role":"member","status":"active"},"_previousDataValues":{},"uniqno":1,"_changed":{},"_options":{"isNewRecord":true,"_schema":null,"_schemaDelimiter":""},"isNewRecord":true},"validatorKey":"is_null","validatorName":null,"validatorArgs":[]}]}],"failureMessages":["SequelizeValidationError: notNull Violation: User.membership_application_id cannot be null\n    at InstanceValidator._validate (C:\\Users\\7410\\imanmcs_project\\backend\\node_modules\\sequelize\\src\\instance-validator.js:78:13)\n    at InstanceValidator._validateAndRunHooks (C:\\Users\\7410\\imanmcs_project\\backend\\node_modules\\sequelize\\src\\instance-validator.js:111:7)\n    at InstanceValidator.validate (C:\\Users\\7410\\imanmcs_project\\backend\\node_modules\\sequelize\\src\\instance-validator.js:93:12)\n    at model.save (C:\\Users\\7410\\imanmcs_project\\backend\\node_modules\\sequelize\\src\\model.js:4077:7)\n    at Function.create (C:\\Users\\7410\\imanmcs_project\\backend\\node_modules\\sequelize\\src\\model.js:2305:12)\n    at Object.<anonymous> (C:\\Users\\7410\\imanmcs_project\\backend\\tests\\auth.test.js:18:16)"],"fullName":"Authentication API POST /auth/login should login successfully with valid credentials","invocations":1,"location":null,"numPassingAsserts":0,"retryReasons":[],"status":"failed","title":"should login successfully with valid credentials"},{"ancestorTitles":["Authentication API","POST /auth/login"],"duration":1,"failureDetails":[{"name":"SequelizeValidationError","errors":[{"message":"User.membership_application_id cannot be null","type":"notNull Violation","path":"membership_application_id","value":null,"origin":"CORE","instance":{"dataValues":{"created_at":{},"updated_at":{},"additional_role":null,"is_default_password":false,"deleted_at":null,"id":null,"password_hash":"$2a$10$8L0QHerUc8n9mDlaHHGzKOu8oa3Sw2360C7zp3qGNTCqzWh5kv6iy","role":"member","status":"active"},"_previousDataValues":{},"uniqno":1,"_changed":{},"_options":{"isNewRecord":true,"_schema":null,"_schemaDelimiter":""},"isNewRecord":true},"validatorKey":"is_null","validatorName":null,"validatorArgs":[]}]}],"failureMessages":["SequelizeValidationError: notNull Violation: User.membership_application_id cannot be null\n    at InstanceValidator._validate (C:\\Users\\7410\\imanmcs_project\\backend\\node_modules\\sequelize\\src\\instance-validator.js:78:13)\n    at InstanceValidator._validateAndRunHooks (C:\\Users\\7410\\imanmcs_project\\backend\\node_modules\\sequelize\\src\\instance-validator.js:111:7)\n    at InstanceValidator.validate (C:\\Users\\7410\\imanmcs_project\\backend\\node_modules\\sequelize\\src\\instance-validator.js:93:12)\n    at model.save (C:\\Users\\7410\\imanmcs_project\\backend\\node_modules\\sequelize\\src\\model.js:4077:7)\n    at Function.create (C:\\Users\\7410\\imanmcs_project\\backend\\node_modules\\sequelize\\src\\model.js:2305:12)\n    at Object.<anonymous> (C:\\Users\\7410\\imanmcs_project\\backend\\tests\\auth.test.js:18:16)"],"fullName":"Authentication API POST /auth/login should return 401 for invalid PSN","invocations":1,"location":null,"numPassingAsserts":0,"retryReasons":[],"status":"failed","title":"should return 401 for invalid PSN"},{"ancestorTitles":["Authentication API","POST /auth/login"],"duration":0,"failureDetails":[{"name":"SequelizeValidationError","errors":[{"message":"User.membership_application_id cannot be null","type":"notNull Violation","path":"membership_application_id","value":null,"origin":"CORE","instance":{"dataValues":{"created_at":{},"updated_at":{},"additional_role":null,"is_default_password":false,"deleted_at":null,"id":null,"password_hash":"$2a$10$8L0QHerUc8n9mDlaHHGzKOu8oa3Sw2360C7zp3qGNTCqzWh5kv6iy","role":"member","status":"active"},"_previousDataValues":{},"uniqno":1,"_changed":{},"_options":{"isNewRecord":true,"_schema":null,"_schemaDelimiter":""},"isNewRecord":true},"validatorKey":"is_null","validatorName":null,"validatorArgs":[]}]}],"failureMessages":["SequelizeValidationError: notNull Violation: User.membership_application_id cannot be null\n    at InstanceValidator._validate (C:\\Users\\7410\\imanmcs_project\\backend\\node_modules\\sequelize\\src\\instance-validator.js:78:13)\n    at InstanceValidator._validateAndRunHooks (C:\\Users\\7410\\imanmcs_project\\backend\\node_modules\\sequelize\\src\\instance-validator.js:111:7)\n    at InstanceValidator.validate (C:\\Users\\7410\\imanmcs_project\\backend\\node_modules\\sequelize\\src\\instance-validator.js:93:12)\n    at model.save (C:\\Users\\7410\\imanmcs_project\\backend\\node_modules\\sequelize\\src\\model.js:4077:7)\n    at Function.create (C:\\Users\\7410\\imanmcs_project\\backend\\node_modules\\sequelize\\src\\model.js:2305:12)\n    at Object.<anonymous> (C:\\Users\\7410\\imanmcs_project\\backend\\tests\\auth.test.js:18:16)"],"fullName":"Authentication API POST /auth/login should return 401 for invalid password","invocations":1,"location":null,"numPassingAsserts":0,"retryReasons":[],"status":"failed","title":"should return 401 for invalid password"},{"ancestorTitles":["Authentication API","POST /auth/login"],"duration":0,"failureDetails":[{"name":"SequelizeValidationError","errors":[{"message":"User.membership_application_id cannot be null","type":"notNull Violation","path":"membership_application_id","value":null,"origin":"CORE","instance":{"dataValues":{"created_at":{},"updated_at":{},"additional_role":null,"is_default_password":false,"deleted_at":null,"id":null,"password_hash":"$2a$10$8L0QHerUc8n9mDlaHHGzKOu8oa3Sw2360C7zp3qGNTCqzWh5kv6iy","role":"member","status":"active"},"_previousDataValues":{},"uniqno":1,"_changed":{},"_options":{"isNewRecord":true,"_schema":null,"_schemaDelimiter":""},"isNewRecord":true},"validatorKey":"is_null","validatorName":null,"validatorArgs":[]}]}],"failureMessages":["SequelizeValidationError: notNull Violation: User.membership_application_id cannot be null\n    at InstanceValidator._validate (C:\\Users\\7410\\imanmcs_project\\backend\\node_modules\\sequelize\\src\\instance-validator.js:78:13)\n    at InstanceValidator._validateAndRunHooks (C:\\Users\\7410\\imanmcs_project\\backend\\node_modules\\sequelize\\src\\instance-validator.js:111:7)\n    at InstanceValidator.validate (C:\\Users\\7410\\imanmcs_project\\backend\\node_modules\\sequelize\\src\\instance-validator.js:93:12)\n    at model.save (C:\\Users\\7410\\imanmcs_project\\backend\\node_modules\\sequelize\\src\\model.js:4077:7)\n    at Function.create (C:\\Users\\7410\\imanmcs_project\\backend\\node_modules\\sequelize\\src\\model.js:2305:12)\n    at Object.<anonymous> (C:\\Users\\7410\\imanmcs_project\\backend\\tests\\auth.test.js:18:16)"],"fullName":"Authentication API POST /auth/login should return 400 for missing PSN","invocations":1,"location":null,"numPassingAsserts":0,"retryReasons":[],"status":"failed","title":"should return 400 for missing PSN"},{"ancestorTitles":["Authentication API","POST /auth/login"],"duration":13,"failureDetails":[{"name":"SequelizeValidationError","errors":[{"message":"User.membership_application_id cannot be null","type":"notNull Violation","path":"membership_application_id","value":null,"origin":"CORE","instance":{"dataValues":{"created_at":{},"updated_at":{},"additional_role":null,"is_default_password":false,"deleted_at":null,"id":null,"password_hash":"$2a$10$8L0QHerUc8n9mDlaHHGzKOu8oa3Sw2360C7zp3qGNTCqzWh5kv6iy","role":"member","status":"active"},"_previousDataValues":{},"uniqno":1,"_changed":{},"_options":{"isNewRecord":true,"_schema":null,"_schemaDelimiter":""},"isNewRecord":true},"validatorKey":"is_null","validatorName":null,"validatorArgs":[]}]}],"failureMessages":["SequelizeValidationError: notNull Violation: User.membership_application_id cannot be null\n    at InstanceValidator._validate (C:\\Users\\7410\\imanmcs_project\\backend\\node_modules\\sequelize\\src\\instance-validator.js:78:13)\n    at InstanceValidator._validateAndRunHooks (C:\\Users\\7410\\imanmcs_project\\backend\\node_modules\\sequelize\\src\\instance-validator.js:111:7)\n    at InstanceValidator.validate (C:\\Users\\7410\\imanmcs_project\\backend\\node_modules\\sequelize\\src\\instance-validator.js:93:12)\n    at model.save (C:\\Users\\7410\\imanmcs_project\\backend\\node_modules\\sequelize\\src\\model.js:4077:7)\n    at Function.create (C:\\Users\\7410\\imanmcs_project\\backend\\node_modules\\sequelize\\src\\model.js:2305:12)\n    at Object.<anonymous> (C:\\Users\\7410\\imanmcs_project\\backend\\tests\\auth.test.js:18:16)"],"fullName":"Authentication API POST /auth/login should return 400 for missing password","invocations":1,"location":null,"numPassingAsserts":0,"retryReasons":[],"status":"failed","title":"should return 400 for missing password"},{"ancestorTitles":["Authentication API","POST /auth/login"],"duration":1,"failureDetails":[{"name":"SequelizeValidationError","errors":[{"message":"User.membership_application_id cannot be null","type":"notNull Violation","path":"membership_application_id","value":null,"origin":"CORE","instance":{"dataValues":{"created_at":{},"updated_at":{},"additional_role":null,"is_default_password":false,"deleted_at":null,"id":null,"password_hash":"$2a$10$8L0QHerUc8n9mDlaHHGzKOu8oa3Sw2360C7zp3qGNTCqzWh5kv6iy","role":"member","status":"active"},"_previousDataValues":{},"uniqno":1,"_changed":{},"_options":{"isNewRecord":true,"_schema":null,"_schemaDelimiter":""},"isNewRecord":true},"validatorKey":"is_null","validatorName":null,"validatorArgs":[]}]}],"failureMessages":["SequelizeValidationError: notNull Violation: User.membership_application_id cannot be null\n    at InstanceValidator._validate (C:\\Users\\7410\\imanmcs_project\\backend\\node_modules\\sequelize\\src\\instance-validator.js:78:13)\n    at InstanceValidator._validateAndRunHooks (C:\\Users\\7410\\imanmcs_project\\backend\\node_modules\\sequelize\\src\\instance-validator.js:111:7)\n    at InstanceValidator.validate (C:\\Users\\7410\\imanmcs_project\\backend\\node_modules\\sequelize\\src\\instance-validator.js:93:12)\n    at model.save (C:\\Users\\7410\\imanmcs_project\\backend\\node_modules\\sequelize\\src\\model.js:4077:7)\n    at Function.create (C:\\Users\\7410\\imanmcs_project\\backend\\node_modules\\sequelize\\src\\model.js:2305:12)\n    at Object.<anonymous> (C:\\Users\\7410\\imanmcs_project\\backend\\tests\\auth.test.js:18:16)"],"fullName":"Authentication API POST /auth/login should return 401 for inactive user","invocations":1,"location":null,"numPassingAsserts":0,"retryReasons":[],"status":"failed","title":"should return 401 for inactive user"},{"ancestorTitles":["Authentication API","GET /auth/me"],"duration":0,"failureDetails":[{"name":"SequelizeValidationError","errors":[{"message":"User.membership_application_id cannot be null","type":"notNull Violation","path":"membership_application_id","value":null,"origin":"CORE","instance":{"dataValues":{"created_at":{},"updated_at":{},"additional_role":null,"is_default_password":false,"deleted_at":null,"id":null,"password_hash":"$2a$10$8L0QHerUc8n9mDlaHHGzKOu8oa3Sw2360C7zp3qGNTCqzWh5kv6iy","role":"member","status":"active"},"_previousDataValues":{},"uniqno":1,"_changed":{},"_options":{"isNewRecord":true,"_schema":null,"_schemaDelimiter":""},"isNewRecord":true},"validatorKey":"is_null","validatorName":null,"validatorArgs":[]}]}],"failureMessages":["SequelizeValidationError: notNull Violation: User.membership_application_id cannot be null\n    at InstanceValidator._validate (C:\\Users\\7410\\imanmcs_project\\backend\\node_modules\\sequelize\\src\\instance-validator.js:78:13)\n    at InstanceValidator._validateAndRunHooks (C:\\Users\\7410\\imanmcs_project\\backend\\node_modules\\sequelize\\src\\instance-validator.js:111:7)\n    at InstanceValidator.validate (C:\\Users\\7410\\imanmcs_project\\backend\\node_modules\\sequelize\\src\\instance-validator.js:93:12)\n    at model.save (C:\\Users\\7410\\imanmcs_project\\backend\\node_modules\\sequelize\\src\\model.js:4077:7)\n    at Function.create (C:\\Users\\7410\\imanmcs_project\\backend\\node_modules\\sequelize\\src\\model.js:2305:12)\n    at Object.<anonymous> (C:\\Users\\7410\\imanmcs_project\\backend\\tests\\auth.test.js:18:16)"],"fullName":"Authentication API GET /auth/me should return user profile for authenticated user","invocations":1,"location":null,"numPassingAsserts":0,"retryReasons":[],"status":"failed","title":"should return user profile for authenticated user"},{"ancestorTitles":["Authentication API","GET /auth/me"],"duration":0,"failureDetails":[{"name":"SequelizeValidationError","errors":[{"message":"User.membership_application_id cannot be null","type":"notNull Violation","path":"membership_application_id","value":null,"origin":"CORE","instance":{"dataValues":{"created_at":{},"updated_at":{},"additional_role":null,"is_default_password":false,"deleted_at":null,"id":null,"password_hash":"$2a$10$8L0QHerUc8n9mDlaHHGzKOu8oa3Sw2360C7zp3qGNTCqzWh5kv6iy","role":"member","status":"active"},"_previousDataValues":{},"uniqno":1,"_changed":{},"_options":{"isNewRecord":true,"_schema":null,"_schemaDelimiter":""},"isNewRecord":true},"validatorKey":"is_null","validatorName":null,"validatorArgs":[]}]}],"failureMessages":["SequelizeValidationError: notNull Violation: User.membership_application_id cannot be null\n    at InstanceValidator._validate (C:\\Users\\7410\\imanmcs_project\\backend\\node_modules\\sequelize\\src\\instance-validator.js:78:13)\n    at InstanceValidator._validateAndRunHooks (C:\\Users\\7410\\imanmcs_project\\backend\\node_modules\\sequelize\\src\\instance-validator.js:111:7)\n    at InstanceValidator.validate (C:\\Users\\7410\\imanmcs_project\\backend\\node_modules\\sequelize\\src\\instance-validator.js:93:12)\n    at model.save (C:\\Users\\7410\\imanmcs_project\\backend\\node_modules\\sequelize\\src\\model.js:4077:7)\n    at Function.create (C:\\Users\\7410\\imanmcs_project\\backend\\node_modules\\sequelize\\src\\model.js:2305:12)\n    at Object.<anonymous> (C:\\Users\\7410\\imanmcs_project\\backend\\tests\\auth.test.js:18:16)"],"fullName":"Authentication API GET /auth/me should return 401 for missing token","invocations":1,"location":null,"numPassingAsserts":0,"retryReasons":[],"status":"failed","title":"should return 401 for missing token"},{"ancestorTitles":["Authentication API","GET /auth/me"],"duration":0,"failureDetails":[{"name":"SequelizeValidationError","errors":[{"message":"User.membership_application_id cannot be null","type":"notNull Violation","path":"membership_application_id","value":null,"origin":"CORE","instance":{"dataValues":{"created_at":{},"updated_at":{},"additional_role":null,"is_default_password":false,"deleted_at":null,"id":null,"password_hash":"$2a$10$8L0QHerUc8n9mDlaHHGzKOu8oa3Sw2360C7zp3qGNTCqzWh5kv6iy","role":"member","status":"active"},"_previousDataValues":{},"uniqno":1,"_changed":{},"_options":{"isNewRecord":true,"_schema":null,"_schemaDelimiter":""},"isNewRecord":true},"validatorKey":"is_null","validatorName":null,"validatorArgs":[]}]}],"failureMessages":["SequelizeValidationError: notNull Violation: User.membership_application_id cannot be null\n    at InstanceValidator._validate (C:\\Users\\7410\\imanmcs_project\\backend\\node_modules\\sequelize\\src\\instance-validator.js:78:13)\n    at InstanceValidator._validateAndRunHooks (C:\\Users\\7410\\imanmcs_project\\backend\\node_modules\\sequelize\\src\\instance-validator.js:111:7)\n    at InstanceValidator.validate (C:\\Users\\7410\\imanmcs_project\\backend\\node_modules\\sequelize\\src\\instance-validator.js:93:12)\n    at model.save (C:\\Users\\7410\\imanmcs_project\\backend\\node_modules\\sequelize\\src\\model.js:4077:7)\n    at Function.create (C:\\Users\\7410\\imanmcs_project\\backend\\node_modules\\sequelize\\src\\model.js:2305:12)\n    at Object.<anonymous> (C:\\Users\\7410\\imanmcs_project\\backend\\tests\\auth.test.js:18:16)"],"fullName":"Authentication API GET /auth/me should return 401 for invalid token","invocations":1,"location":null,"numPassingAsserts":0,"retryReasons":[],"status":"failed","title":"should return 401 for invalid token"}],"endTime":1768424739143,"message":"\u001b[1m\u001b[31m  \u001b[1m● \u001b[22m\u001b[1mAuthentication API › POST /auth/login › should login successfully with valid credentials\u001b[39m\u001b[22m\n\n    SequelizeValidationError: notNull Violation: User.membership_application_id cannot be null\n\u001b[2m\u001b[22m\n\u001b[2m    \u001b[0m \u001b[90m 16 |\u001b[39m     \u001b[90m// Create test user\u001b[39m\u001b[22m\n\u001b[2m     \u001b[90m 17 |\u001b[39m     hashedPassword \u001b[33m=\u001b[39m \u001b[36mawait\u001b[39m bcrypt\u001b[33m.\u001b[39mhash(\u001b[32m'testpassword123'\u001b[39m\u001b[33m,\u001b[39m \u001b[35m10\u001b[39m)\u001b[33m;\u001b[39m\u001b[22m\n\u001b[2m    \u001b[31m\u001b[1m>\u001b[22m\u001b[2m\u001b[39m\u001b[90m 18 |\u001b[39m     testUser \u001b[33m=\u001b[39m \u001b[36mawait\u001b[39m \u001b[33mUser\u001b[39m\u001b[33m.\u001b[39mcreate({\u001b[22m\n\u001b[2m     \u001b[90m    |\u001b[39m                \u001b[31m\u001b[1m^\u001b[22m\u001b[2m\u001b[39m\u001b[22m\n\u001b[2m     \u001b[90m 19 |\u001b[39m       psn\u001b[33m:\u001b[39m \u001b[32m'TEST001'\u001b[39m\u001b[33m,\u001b[39m\u001b[22m\n\u001b[2m     \u001b[90m 20 |\u001b[39m       name\u001b[33m:\u001b[39m \u001b[32m'Test User'\u001b[39m\u001b[33m,\u001b[39m\u001b[22m\n\u001b[2m     \u001b[90m 21 |\u001b[39m       email\u001b[33m:\u001b[39m \u001b[32m'test@example.com'\u001b[39m\u001b[33m,\u001b[39m\u001b[0m\u001b[22m\n\u001b[2m\u001b[22m\n\u001b[2m      \u001b[2mat InstanceValidator._validate (\u001b[22m\u001b[2mnode_modules/sequelize/src/instance-validator.js\u001b[2m:78:13)\u001b[22m\u001b[2m\u001b[22m\n\u001b[2m      \u001b[2mat InstanceValidator._validateAndRunHooks (\u001b[22m\u001b[2mnode_modules/sequelize/src/instance-validator.js\u001b[2m:111:7)\u001b[22m\u001b[2m\u001b[22m\n\u001b[2m      \u001b[2mat InstanceValidator.validate (\u001b[22m\u001b[2mnode_modules/sequelize/src/instance-validator.js\u001b[2m:93:12)\u001b[22m\u001b[2m\u001b[22m\n\u001b[2m      \u001b[2mat model.save (\u001b[22m\u001b[2mnode_modules/sequelize/src/model.js\u001b[2m:4077:7)\u001b[22m\u001b[2m\u001b[22m\n\u001b[2m      \u001b[2mat Function.create (\u001b[22m\u001b[2mnode_modules/sequelize/src/model.js\u001b[2m:2305:12)\u001b[22m\u001b[2m\u001b[22m\n\u001b[2m      \u001b[2mat Object.<anonymous> (\u001b[22m\u001b[2m\u001b[0m\u001b[36mtests/auth.test.js\u001b[39m\u001b[0m\u001b[2m:18:16)\u001b[22m\u001b[2m\u001b[22m\n\n\u001b[1m\u001b[31m  \u001b[1m● \u001b[22m\u001b[1mAuthentication API › POST /auth/login › should return 401 for invalid PSN\u001b[39m\u001b[22m\n\n    SequelizeValidationError: notNull Violation: User.membership_application_id cannot be null\n\u001b[2m\u001b[22m\n\u001b[2m    \u001b[0m \u001b[90m 16 |\u001b[39m     \u001b[90m// Create test user\u001b[39m\u001b[22m\n\u001b[2m     \u001b[90m 17 |\u001b[39m     hashedPassword \u001b[33m=\u001b[39m \u001b[36mawait\u001b[39m bcrypt\u001b[33m.\u001b[39mhash(\u001b[32m'testpassword123'\u001b[39m\u001b[33m,\u001b[39m \u001b[35m10\u001b[39m)\u001b[33m;\u001b[39m\u001b[22m\n\u001b[2m    \u001b[31m\u001b[1m>\u001b[22m\u001b[2m\u001b[39m\u001b[90m 18 |\u001b[39m     testUser \u001b[33m=\u001b[39m \u001b[36mawait\u001b[39m \u001b[33mUser\u001b[39m\u001b[33m.\u001b[39mcreate({\u001b[22m\n\u001b[2m     \u001b[90m    |\u001b[39m                \u001b[31m\u001b[1m^\u001b[22m\u001b[2m\u001b[39m\u001b[22m\n\u001b[2m     \u001b[90m 19 |\u001b[39m       psn\u001b[33m:\u001b[39m \u001b[32m'TEST001'\u001b[39m\u001b[33m,\u001b[39m\u001b[22m\n\u001b[2m     \u001b[90m 20 |\u001b[39m       name\u001b[33m:\u001b[39m \u001b[32m'Test User'\u001b[39m\u001b[33m,\u001b[39m\u001b[22m\n\u001b[2m     \u001b[90m 21 |\u001b[39m       email\u001b[33m:\u001b[39m \u001b[32m'test@example.com'\u001b[39m\u001b[33m,\u001b[39m\u001b[0m\u001b[22m\n\u001b[2m\u001b[22m\n\u001b[2m      \u001b[2mat InstanceValidator._validate (\u001b[22m\u001b[2mnode_modules/sequelize/src/instance-validator.js\u001b[2m:78:13)\u001b[22m\u001b[2m\u001b[22m\n\u001b[2m      \u001b[2mat InstanceValidator._validateAndRunHooks (\u001b[22m\u001b[2mnode_modules/sequelize/src/instance-validator.js\u001b[2m:111:7)\u001b[22m\u001b[2m\u001b[22m\n\u001b[2m      \u001b[2mat InstanceValidator.validate (\u001b[22m\u001b[2mnode_modules/sequelize/src/instance-validator.js\u001b[2m:93:12)\u001b[22m\u001b[2m\u001b[22m\n\u001b[2m      \u001b[2mat model.save (\u001b[22m\u001b[2mnode_modules/sequelize/src/model.js\u001b[2m:4077:7)\u001b[22m\u001b[2m\u001b[22m\n\u001b[2m      \u001b[2mat Function.create (\u001b[22m\u001b[2mnode_modules/sequelize/src/model.js\u001b[2m:2305:12)\u001b[22m\u001b[2m\u001b[22m\n\u001b[2m      \u001b[2mat Object.<anonymous> (\u001b[22m\u001b[2m\u001b[0m\u001b[36mtests/auth.test.js\u001b[39m\u001b[0m\u001b[2m:18:16)\u001b[22m\u001b[2m\u001b[22m\n\n\u001b[1m\u001b[31m  \u001b[1m● \u001b[22m\u001b[1mAuthentication API › POST /auth/login › should return 401 for invalid password\u001b[39m\u001b[22m\n\n    SequelizeValidationError: notNull Violation: User.membership_application_id cannot be null\n\u001b[2m\u001b[22m\n\u001b[2m    \u001b[0m \u001b[90m 16 |\u001b[39m     \u001b[90m// Create test user\u001b[39m\u001b[22m\n\u001b[2m     \u001b[90m 17 |\u001b[39m     hashedPassword \u001b[33m=\u001b[39m \u001b[36mawait\u001b[39m bcrypt\u001b[33m.\u001b[39mhash(\u001b[32m'testpassword123'\u001b[39m\u001b[33m,\u001b[39m \u001b[35m10\u001b[39m)\u001b[33m;\u001b[39m\u001b[22m\n\u001b[2m    \u001b[31m\u001b[1m>\u001b[22m\u001b[2m\u001b[39m\u001b[90m 18 |\u001b[39m     testUser \u001b[33m=\u001b[39m \u001b[36mawait\u001b[39m \u001b[33mUser\u001b[39m\u001b[33m.\u001b[39mcreate({\u001b[22m\n\u001b[2m     \u001b[90m    |\u001b[39m                \u001b[31m\u001b[1m^\u001b[22m\u001b[2m\u001b[39m\u001b[22m\n\u001b[2m     \u001b[90m 19 |\u001b[39m       psn\u001b[33m:\u001b[39m \u001b[32m'TEST001'\u001b[39m\u001b[33m,\u001b[39m\u001b[22m\n\u001b[2m     \u001b[90m 20 |\u001b[39m       name\u001b[33m:\u001b[39m \u001b[32m'Test User'\u001b[39m\u001b[33m,\u001b[39m\u001b[22m\n\u001b[2m     \u001b[90m 21 |\u001b[39m       email\u001b[33m:\u001b[39m \u001b[32m'test@example.com'\u001b[39m\u001b[33m,\u001b[39m\u001b[0m\u001b[22m\n\u001b[2m\u001b[22m\n\u001b[2m      \u001b[2mat InstanceValidator._validate (\u001b[22m\u001b[2mnode_modules/sequelize/src/instance-validator.js\u001b[2m:78:13)\u001b[22m\u001b[2m\u001b[22m\n\u001b[2m      \u001b[2mat InstanceValidator._validateAndRunHooks (\u001b[22m\u001b[2mnode_modules/sequelize/src/instance-validator.js\u001b[2m:111:7)\u001b[22m\u001b[2m\u001b[22m\n\u001b[2m      \u001b[2mat InstanceValidator.validate (\u001b[22m\u001b[2mnode_modules/sequelize/src/instance-validator.js\u001b[2m:93:12)\u001b[22m\u001b[2m\u001b[22m\n\u001b[2m      \u001b[2mat model.save (\u001b[22m\u001b[2mnode_modules/sequelize/src/model.js\u001b[2m:4077:7)\u001b[22m\u001b[2m\u001b[22m\n\u001b[2m      \u001b[2mat Function.create (\u001b[22m\u001b[2mnode_modules/sequelize/src/model.js\u001b[2m:2305:12)\u001b[22m\u001b[2m\u001b[22m\n\u001b[2m      \u001b[2mat Object.<anonymous> (\u001b[22m\u001b[2m\u001b[0m\u001b[36mtests/auth.test.js\u001b[39m\u001b[0m\u001b[2m:18:16)\u001b[22m\u001b[2m\u001b[22m\n\n\u001b[1m\u001b[31m  \u001b[1m● \u001b[22m\u001b[1mAuthentication API › POST /auth/login › should return 400 for missing PSN\u001b[39m\u001b[22m\n\n    SequelizeValidationError: notNull Violation: User.membership_application_id cannot be null\n\u001b[2m\u001b[22m\n\u001b[2m    \u001b[0m \u001b[90m 16 |\u001b[39m     \u001b[90m// Create test user\u001b[39m\u001b[22m\n\u001b[2m     \u001b[90m 17 |\u001b[39m     hashedPassword \u001b[33m=\u001b[39m \u001b[36mawait\u001b[39m bcrypt\u001b[33m.\u001b[39mhash(\u001b[32m'testpassword123'\u001b[39m\u001b[33m,\u001b[39m \u001b[35m10\u001b[39m)\u001b[33m;\u001b[39m\u001b[22m\n\u001b[2m    \u001b[31m\u001b[1m>\u001b[22m\u001b[2m\u001b[39m\u001b[90m 18 |\u001b[39m     testUser \u001b[33m=\u001b[39m \u001b[36mawait\u001b[39m \u001b[33mUser\u001b[39m\u001b[33m.\u001b[39mcreate({\u001b[22m\n\u001b[2m     \u001b[90m    |\u001b[39m                \u001b[31m\u001b[1m^\u001b[22m\u001b[2m\u001b[39m\u001b[22m\n\u001b[2m     \u001b[90m 19 |\u001b[39m       psn\u001b[33m:\u001b[39m \u001b[32m'TEST001'\u001b[39m\u001b[33m,\u001b[39m\u001b[22m\n\u001b[2m     \u001b[90m 20 |\u001b[39m       name\u001b[33m:\u001b[39m \u001b[32m'Test User'\u001b[39m\u001b[33m,\u001b[39m\u001b[22m\n\u001b[2m     \u001b[90m 21 |\u001b[39m       email\u001b[33m:\u001b[39m \u001b[32m'test@example.com'\u001b[39m\u001b[33m,\u001b[39m\u001b[0m\u001b[22m\n\u001b[2m\u001b[22m\n\u001b[2m      \u001b[2mat InstanceValidator._validate (\u001b[22m\u001b[2mnode_modules/sequelize/src/instance-validator.js\u001b[2m:78:13)\u001b[22m\u001b[2m\u001b[22m\n\u001b[2m      \u001b[2mat InstanceValidator._validateAndRunHooks (\u001b[22m\u001b[2mnode_modules/sequelize/src/instance-validator.js\u001b[2m:111:7)\u001b[22m\u001b[2m\u001b[22m\n\u001b[2m      \u001b[2mat InstanceValidator.validate (\u001b[22m\u001b[2mnode_modules/sequelize/src/instance-validator.js\u001b[2m:93:12)\u001b[22m\u001b[2m\u001b[22m\n\u001b[2m      \u001b[2mat model.save (\u001b[22m\u001b[2mnode_modules/sequelize/src/model.js\u001b[2m:4077:7)\u001b[22m\u001b[2m\u001b[22m\n\u001b[2m      \u001b[2mat Function.create (\u001b[22m\u001b[2mnode_modules/sequelize/src/model.js\u001b[2m:2305:12)\u001b[22m\u001b[2m\u001b[22m\n\u001b[2m      \u001b[2mat Object.<anonymous> (\u001b[22m\u001b[2m\u001b[0m\u001b[36mtests/auth.test.js\u001b[39m\u001b[0m\u001b[2m:18:16)\u001b[22m\u001b[2m\u001b[22m\n\n\u001b[1m\u001b[31m  \u001b[1m● \u001b[22m\u001b[1mAuthentication API › POST /auth/login › should return 400 for missing password\u001b[39m\u001b[22m\n\n    SequelizeValidationError: notNull Violation: User.membership_application_id cannot be null\n\u001b[2m\u001b[22m\n\u001b[2m    \u001b[0m \u001b[90m 16 |\u001b[39m     \u001b[90m// Create test user\u001b[39m\u001b[22m\n\u001b[2m     \u001b[90m 17 |\u001b[39m     hashedPassword \u001b[33m=\u001b[39m \u001b[36mawait\u001b[39m bcrypt\u001b[33m.\u001b[39mhash(\u001b[32m'testpassword123'\u001b[39m\u001b[33m,\u001b[39m \u001b[35m10\u001b[39m)\u001b[33m;\u001b[39m\u001b[22m\n\u001b[2m    \u001b[31m\u001b[1m>\u001b[22m\u001b[2m\u001b[39m\u001b[90m 18 |\u001b[39m     testUser \u001b[33m=\u001b[39m \u001b[36mawait\u001b[39m \u001b[33mUser\u001b[39m\u001b[33m.\u001b[39mcreate({\u001b[22m\n\u001b[2m     \u001b[90m    |\u001b[39m                \u001b[31m\u001b[1m^\u001b[22m\u001b[2m\u001b[39m\u001b[22m\n\u001b[2m     \u001b[90m 19 |\u001b[39m       psn\u001b[33m:\u001b[39m \u001b[32m'TEST001'\u001b[39m\u001b[33m,\u001b[39m\u001b[22m\n\u001b[2m     \u001b[90m 20 |\u001b[39m       name\u001b[33m:\u001b[39m \u001b[32m'Test User'\u001b[39m\u001b[33m,\u001b[39m\u001b[22m\n\u001b[2m     \u001b[90m 21 |\u001b[39m       email\u001b[33m:\u001b[39m \u001b[32m'test@example.com'\u001b[39m\u001b[33m,\u001b[39m\u001b[0m\u001b[22m\n\u001b[2m\u001b[22m\n\u001b[2m      \u001b[2mat InstanceValidator._validate (\u001b[22m\u001b[2mnode_modules/sequelize/src/instance-validator.js\u001b[2m:78:13)\u001b[22m\u001b[2m\u001b[22m\n\u001b[2m      \u001b[2mat InstanceValidator._validateAndRunHooks (\u001b[22m\u001b[2mnode_modules/sequelize/src/instance-validator.js\u001b[2m:111:7)\u001b[22m\u001b[2m\u001b[22m\n\u001b[2m      \u001b[2mat InstanceValidator.validate (\u001b[22m\u001b[2mnode_modules/sequelize/src/instance-validator.js\u001b[2m:93:12)\u001b[22m\u001b[2m\u001b[22m\n\u001b[2m      \u001b[2mat model.save (\u001b[22m\u001b[2mnode_modules/sequelize/src/model.js\u001b[2m:4077:7)\u001b[22m\u001b[2m\u001b[22m\n\u001b[2m      \u001b[2mat Function.create (\u001b[22m\u001b[2mnode_modules/sequelize/src/model.js\u001b[2m:2305:12)\u001b[22m\u001b[2m\u001b[22m\n\u001b[2m      \u001b[2mat Object.<anonymous> (\u001b[22m\u001b[2m\u001b[0m\u001b[36mtests/auth.test.js\u001b[39m\u001b[0m\u001b[2m:18:16)\u001b[22m\u001b[2m\u001b[22m\n\n\u001b[1m\u001b[31m  \u001b[1m● \u001b[22m\u001b[1mAuthentication API › POST /auth/login › should return 401 for inactive user\u001b[39m\u001b[22m\n\n    SequelizeValidationError: notNull Violation: User.membership_application_id cannot be null\n\u001b[2m\u001b[22m\n\u001b[2m    \u001b[0m \u001b[90m 16 |\u001b[39m     \u001b[90m// Create test user\u001b[39m\u001b[22m\n\u001b[2m     \u001b[90m 17 |\u001b[39m     hashedPassword \u001b[33m=\u001b[39m \u001b[36mawait\u001b[39m bcrypt\u001b[33m.\u001b[39mhash(\u001b[32m'testpassword123'\u001b[39m\u001b[33m,\u001b[39m \u001b[35m10\u001b[39m)\u001b[33m;\u001b[39m\u001b[22m\n\u001b[2m    \u001b[31m\u001b[1m>\u001b[22m\u001b[2m\u001b[39m\u001b[90m 18 |\u001b[39m     testUser \u001b[33m=\u001b[39m \u001b[36mawait\u001b[39m \u001b[33mUser\u001b[39m\u001b[33m.\u001b[39mcreate({\u001b[22m\n\u001b[2m     \u001b[90m    |\u001b[39m                \u001b[31m\u001b[1m^\u001b[22m\u001b[2m\u001b[39m\u001b[22m\n\u001b[2m     \u001b[90m 19 |\u001b[39m       psn\u001b[33m:\u001b[39m \u001b[32m'TEST001'\u001b[39m\u001b[33m,\u001b[39m\u001b[22m\n\u001b[2m     \u001b[90m 20 |\u001b[39m       name\u001b[33m:\u001b[39m \u001b[32m'Test User'\u001b[39m\u001b[33m,\u001b[39m\u001b[22m\n\u001b[2m     \u001b[90m 21 |\u001b[39m       email\u001b[33m:\u001b[39m \u001b[32m'test@example.com'\u001b[39m\u001b[33m,\u001b[39m\u001b[0m\u001b[22m\n\u001b[2m\u001b[22m\n\u001b[2m      \u001b[2mat InstanceValidator._validate (\u001b[22m\u001b[2mnode_modules/sequelize/src/instance-validator.js\u001b[2m:78:13)\u001b[22m\u001b[2m\u001b[22m\n\u001b[2m      \u001b[2mat InstanceValidator._validateAndRunHooks (\u001b[22m\u001b[2mnode_modules/sequelize/src/instance-validator.js\u001b[2m:111:7)\u001b[22m\u001b[2m\u001b[22m\n\u001b[2m      \u001b[2mat InstanceValidator.validate (\u001b[22m\u001b[2mnode_modules/sequelize/src/instance-validator.js\u001b[2m:93:12)\u001b[22m\u001b[2m\u001b[22m\n\u001b[2m      \u001b[2mat model.save (\u001b[22m\u001b[2mnode_modules/sequelize/src/model.js\u001b[2m:4077:7)\u001b[22m\u001b[2m\u001b[22m\n\u001b[2m      \u001b[2mat Function.create (\u001b[22m\u001b[2mnode_modules/sequelize/src/model.js\u001b[2m:2305:12)\u001b[22m\u001b[2m\u001b[22m\n\u001b[2m      \u001b[2mat Object.<anonymous> (\u001b[22m\u001b[2m\u001b[0m\u001b[36mtests/auth.test.js\u001b[39m\u001b[0m\u001b[2m:18:16)\u001b[22m\u001b[2m\u001b[22m\n\n\u001b[1m\u001b[31m  \u001b[1m● \u001b[22m\u001b[1mAuthentication API › GET /auth/me › should return user profile for authenticated user\u001b[39m\u001b[22m\n\n    SequelizeValidationError: notNull Violation: User.membership_application_id cannot be null\n\u001b[2m\u001b[22m\n\u001b[2m    \u001b[0m \u001b[90m 16 |\u001b[39m     \u001b[90m// Create test user\u001b[39m\u001b[22m\n\u001b[2m     \u001b[90m 17 |\u001b[39m     hashedPassword \u001b[33m=\u001b[39m \u001b[36mawait\u001b[39m bcrypt\u001b[33m.\u001b[39mhash(\u001b[32m'testpassword123'\u001b[39m\u001b[33m,\u001b[39m \u001b[35m10\u001b[39m)\u001b[33m;\u001b[39m\u001b[22m\n\u001b[2m    \u001b[31m\u001b[1m>\u001b[22m\u001b[2m\u001b[39m\u001b[90m 18 |\u001b[39m     testUser \u001b[33m=\u001b[39m \u001b[36mawait\u001b[39m \u001b[33mUser\u001b[39m\u001b[33m.\u001b[39mcreate({\u001b[22m\n\u001b[2m     \u001b[90m    |\u001b[39m                \u001b[31m\u001b[1m^\u001b[22m\u001b[2m\u001b[39m\u001b[22m\n\u001b[2m     \u001b[90m 19 |\u001b[39m       psn\u001b[33m:\u001b[39m \u001b[32m'TEST001'\u001b[39m\u001b[33m,\u001b[39m\u001b[22m\n\u001b[2m     \u001b[90m 20 |\u001b[39m       name\u001b[33m:\u001b[39m \u001b[32m'Test User'\u001b[39m\u001b[33m,\u001b[39m\u001b[22m\n\u001b[2m     \u001b[90m 21 |\u001b[39m       email\u001b[33m:\u001b[39m \u001b[32m'test@example.com'\u001b[39m\u001b[33m,\u001b[39m\u001b[0m\u001b[22m\n\u001b[2m\u001b[22m\n\u001b[2m      \u001b[2mat InstanceValidator._validate (\u001b[22m\u001b[2mnode_modules/sequelize/src/instance-validator.js\u001b[2m:78:13)\u001b[22m\u001b[2m\u001b[22m\n\u001b[2m      \u001b[2mat InstanceValidator._validateAndRunHooks (\u001b[22m\u001b[2mnode_modules/sequelize/src/instance-validator.js\u001b[2m:111:7)\u001b[22m\u001b[2m\u001b[22m\n\u001b[2m      \u001b[2mat InstanceValidator.validate (\u001b[22m\u001b[2mnode_modules/sequelize/src/instance-validator.js\u001b[2m:93:12)\u001b[22m\u001b[2m\u001b[22m\n\u001b[2m      \u001b[2mat model.save (\u001b[22m\u001b[2mnode_modules/sequelize/src/model.js\u001b[2m:4077:7)\u001b[22m\u001b[2m\u001b[22m\n\u001b[2m      \u001b[2mat Function.create (\u001b[22m\u001b[2mnode_modules/sequelize/src/model.js\u001b[2m:2305:12)\u001b[22m\u001b[2m\u001b[22m\n\u001b[2m      \u001b[2mat Object.<anonymous> (\u001b[22m\u001b[2m\u001b[0m\u001b[36mtests/auth.test.js\u001b[39m\u001b[0m\u001b[2m:18:16)\u001b[22m\u001b[2m\u001b[22m\n\n\u001b[1m\u001b[31m  \u001b[1m● \u001b[22m\u001b[1mAuthentication API › GET /auth/me › should return 401 for missing token\u001b[39m\u001b[22m\n\n    SequelizeValidationError: notNull Violation: User.membership_application_id cannot be null\n\u001b[2m\u001b[22m\n\u001b[2m    \u001b[0m \u001b[90m 16 |\u001b[39m     \u001b[90m// Create test user\u001b[39m\u001b[22m\n\u001b[2m     \u001b[90m 17 |\u001b[39m     hashedPassword \u001b[33m=\u001b[39m \u001b[36mawait\u001b[39m bcrypt\u001b[33m.\u001b[39mhash(\u001b[32m'testpassword123'\u001b[39m\u001b[33m,\u001b[39m \u001b[35m10\u001b[39m)\u001b[33m;\u001b[39m\u001b[22m\n\u001b[2m    \u001b[31m\u001b[1m>\u001b[22m\u001b[2m\u001b[39m\u001b[90m 18 |\u001b[39m     testUser \u001b[33m=\u001b[39m \u001b[36mawait\u001b[39m \u001b[33mUser\u001b[39m\u001b[33m.\u001b[39mcreate({\u001b[22m\n\u001b[2m     \u001b[90m    |\u001b[39m                \u001b[31m\u001b[1m^\u001b[22m\u001b[2m\u001b[39m\u001b[22m\n\u001b[2m     \u001b[90m 19 |\u001b[39m       psn\u001b[33m:\u001b[39m \u001b[32m'TEST001'\u001b[39m\u001b[33m,\u001b[39m\u001b[22m\n\u001b[2m     \u001b[90m 20 |\u001b[39m       name\u001b[33m:\u001b[39m \u001b[32m'Test User'\u001b[39m\u001b[33m,\u001b[39m\u001b[22m\n\u001b[2m     \u001b[90m 21 |\u001b[39m       email\u001b[33m:\u001b[39m \u001b[32m'test@example.com'\u001b[39m\u001b[33m,\u001b[39m\u001b[0m\u001b[22m\n\u001b[2m\u001b[22m\n\u001b[2m      \u001b[2mat InstanceValidator._validate (\u001b[22m\u001b[2mnode_modules/sequelize/src/instance-validator.js\u001b[2m:78:13)\u001b[22m\u001b[2m\u001b[22m\n\u001b[2m      \u001b[2mat InstanceValidator._validateAndRunHooks (\u001b[22m\u001b[2mnode_modules/sequelize/src/instance-validator.js\u001b[2m:111:7)\u001b[22m\u001b[2m\u001b[22m\n\u001b[2m      \u001b[2mat InstanceValidator.validate (\u001b[22m\u001b[2mnode_modules/sequelize/src/instance-validator.js\u001b[2m:93:12)\u001b[22m\u001b[2m\u001b[22m\n\u001b[2m      \u001b[2mat model.save (\u001b[22m\u001b[2mnode_modules/sequelize/src/model.js\u001b[2m:4077:7)\u001b[22m\u001b[2m\u001b[22m\n\u001b[2m      \u001b[2mat Function.create (\u001b[22m\u001b[2mnode_modules/sequelize/src/model.js\u001b[2m:2305:12)\u001b[22m\u001b[2m\u001b[22m\n\u001b[2m      \u001b[2mat Object.<anonymous> (\u001b[22m\u001b[2m\u001b[0m\u001b[36mtests/auth.test.js\u001b[39m\u001b[0m\u001b[2m:18:16)\u001b[22m\u001b[2m\u001b[22m\n\n\u001b[1m\u001b[31m  \u001b[1m● \u001b[22m\u001b[1mAuthentication API › GET /auth/me › should return 401 for invalid token\u001b[39m\u001b[22m\n\n    SequelizeValidationError: notNull Violation: User.membership_application_id cannot be null\n\u001b[2m\u001b[22m\n\u001b[2m    \u001b[0m \u001b[90m 16 |\u001b[39m     \u001b[90m// Create test user\u001b[39m\u001b[22m\n\u001b[2m     \u001b[90m 17 |\u001b[39m     hashedPassword \u001b[33m=\u001b[39m \u001b[36mawait\u001b[39m bcrypt\u001b[33m.\u001b[39mhash(\u001b[32m'testpassword123'\u001b[39m\u001b[33m,\u001b[39m \u001b[35m10\u001b[39m)\u001b[33m;\u001b[39m\u001b[22m\n\u001b[2m    \u001b[31m\u001b[1m>\u001b[22m\u001b[2m\u001b[39m\u001b[90m 18 |\u001b[39m     testUser \u001b[33m=\u001b[39m \u001b[36mawait\u001b[39m \u001b[33mUser\u001b[39m\u001b[33m.\u001b[39mcreate({\u001b[22m\n\u001b[2m     \u001b[90m    |\u001b[39m                \u001b[31m\u001b[1m^\u001b[22m\u001b[2m\u001b[39m\u001b[22m\n\u001b[2m     \u001b[90m 19 |\u001b[39m       psn\u001b[33m:\u001b[39m \u001b[32m'TEST001'\u001b[39m\u001b[33m,\u001b[39m\u001b[22m\n\u001b[2m     \u001b[90m 20 |\u001b[39m       name\u001b[33m:\u001b[39m \u001b[32m'Test User'\u001b[39m\u001b[33m,\u001b[39m\u001b[22m\n\u001b[2m     \u001b[90m 21 |\u001b[39m       email\u001b[33m:\u001b[39m \u001b[32m'test@example.com'\u001b[39m\u001b[33m,\u001b[39m\u001b[0m\u001b[22m\n\u001b[2m\u001b[22m\n\u001b[2m      \u001b[2mat InstanceValidator._validate (\u001b[22m\u001b[2mnode_modules/sequelize/src/instance-validator.js\u001b[2m:78:13)\u001b[22m\u001b[2m\u001b[22m\n\u001b[2m      \u001b[2mat InstanceValidator._validateAndRunHooks (\u001b[22m\u001b[2mnode_modules/sequelize/src/instance-validator.js\u001b[2m:111:7)\u001b[22m\u001b[2m\u001b[22m\n\u001b[2m      \u001b[2mat InstanceValidator.validate (\u001b[22m\u001b[2mnode_modules/sequelize/src/instance-validator.js\u001b[2m:93:12)\u001b[22m\u001b[2m\u001b[22m\n\u001b[2m      \u001b[2mat model.save (\u001b[22m\u001b[2mnode_modules/sequelize/src/model.js\u001b[2m:4077:7)\u001b[22m\u001b[2m\u001b[22m\n\u001b[2m      \u001b[2mat Function.create (\u001b[22m\u001b[2mnode_modules/sequelize/src/model.js\u001b[2m:2305:12)\u001b[22m\u001b[2m\u001b[22m\n\u001b[2m      \u001b[2mat Object.<anonymous> (\u001b[22m\u001b[2m\u001b[0m\u001b[36mtests/auth.test.js\u001b[39m\u001b[0m\u001b[2m:18:16)\u001b[22m\u001b[2m\u001b[22m\n","name":"C:\\Users\\7410\\imanmcs_project\\backend\\tests\\auth.test.js","startTime":1768424733813,"status":"failed","summary":""},{"assertionResults":[{"ancestorTitles":["Secretary Bulk Upload Protection"],"duration":1,"failureDetails":[{"name":"SequelizeValidationError","errors":[{"message":"MembershipApplication.facility_name cannot be null","type":"notNull Violation","path":"facility_name","value":null,"origin":"CORE","instance":{"dataValues":{"created_at":{},"updated_at":{},"savings":0,"investment":0,"target_saving":0,"target_period":12,"application_date":{},"profile_image":null,"id":null,"name":"Secretary Upload Test","psn":"SEC_UPLOAD_TEST","email":"sec_upload@test.com","phone":"08000000005","status":"approved"},"_previousDataValues":{},"uniqno":1,"_changed":{},"_options":{"isNewRecord":true,"_schema":null,"_schemaDelimiter":""},"isNewRecord":true},"validatorKey":"is_null","validatorName":null,"validatorArgs":[]},{"message":"MembershipApplication.next_of_kin_name cannot be null","type":"notNull Violation","path":"next_of_kin_name","value":null,"origin":"CORE","instance":{"dataValues":{"created_at":{},"updated_at":{},"savings":0,"investment":0,"target_saving":0,"target_period":12,"application_date":{},"profile_image":null,"id":null,"name":"Secretary Upload Test","psn":"SEC_UPLOAD_TEST","email":"sec_upload@test.com","phone":"08000000005","status":"approved"},"_previousDataValues":{},"uniqno":1,"_changed":{},"_options":{"isNewRecord":true,"_schema":null,"_schemaDelimiter":""},"isNewRecord":true},"validatorKey":"is_null","validatorName":null,"validatorArgs":[]},{"message":"MembershipApplication.next_of_kin_phone cannot be null","type":"notNull Violation","path":"next_of_kin_phone","value":null,"origin":"CORE","instance":{"dataValues":{"created_at":{},"updated_at":{},"savings":0,"investment":0,"target_saving":0,"target_period":12,"application_date":{},"profile_image":null,"id":null,"name":"Secretary Upload Test","psn":"SEC_UPLOAD_TEST","email":"sec_upload@test.com","phone":"08000000005","status":"approved"},"_previousDataValues":{},"uniqno":1,"_changed":{},"_options":{"isNewRecord":true,"_schema":null,"_schemaDelimiter":""},"isNewRecord":true},"validatorKey":"is_null","validatorName":null,"validatorArgs":[]}]}],"failureMessages":["SequelizeValidationError: notNull Violation: MembershipApplication.facility_name cannot be null,\nnotNull Violation: MembershipApplication.next_of_kin_name cannot be null,\nnotNull Violation: MembershipApplication.next_of_kin_phone cannot be null\n    at InstanceValidator._validate (C:\\Users\\7410\\imanmcs_project\\backend\\node_modules\\sequelize\\src\\instance-validator.js:78:13)\n    at InstanceValidator._validateAndRunHooks (C:\\Users\\7410\\imanmcs_project\\backend\\node_modules\\sequelize\\src\\instance-validator.js:111:7)\n    at InstanceValidator.validate (C:\\Users\\7410\\imanmcs_project\\backend\\node_modules\\sequelize\\src\\instance-validator.js:93:12)\n    at model.save (C:\\Users\\7410\\imanmcs_project\\backend\\node_modules\\sequelize\\src\\model.js:4077:7)\n    at Function.create (C:\\Users\\7410\\imanmcs_project\\backend\\node_modules\\sequelize\\src\\model.js:2305:12)\n    at Object.<anonymous> (C:\\Users\\7410\\imanmcs_project\\backend\\__tests__\\secretaryBulkUpload.test.js:14:20)"],"fullName":"Secretary Bulk Upload Protection blocks secretary from accessing bulk upload endpoint","invocations":1,"location":null,"numPassingAsserts":0,"retryReasons":[],"status":"failed","title":"blocks secretary from accessing bulk upload endpoint"},{"ancestorTitles":["Secretary Bulk Upload Protection"],"duration":0,"failureDetails":[{"name":"SequelizeValidationError","errors":[{"message":"MembershipApplication.facility_name cannot be null","type":"notNull Violation","path":"facility_name","value":null,"origin":"CORE","instance":{"dataValues":{"created_at":{},"updated_at":{},"savings":0,"investment":0,"target_saving":0,"target_period":12,"application_date":{},"profile_image":null,"id":null,"name":"Secretary Upload Test","psn":"SEC_UPLOAD_TEST","email":"sec_upload@test.com","phone":"08000000005","status":"approved"},"_previousDataValues":{},"uniqno":1,"_changed":{},"_options":{"isNewRecord":true,"_schema":null,"_schemaDelimiter":""},"isNewRecord":true},"validatorKey":"is_null","validatorName":null,"validatorArgs":[]},{"message":"MembershipApplication.next_of_kin_name cannot be null","type":"notNull Violation","path":"next_of_kin_name","value":null,"origin":"CORE","instance":{"dataValues":{"created_at":{},"updated_at":{},"savings":0,"investment":0,"target_saving":0,"target_period":12,"application_date":{},"profile_image":null,"id":null,"name":"Secretary Upload Test","psn":"SEC_UPLOAD_TEST","email":"sec_upload@test.com","phone":"08000000005","status":"approved"},"_previousDataValues":{},"uniqno":1,"_changed":{},"_options":{"isNewRecord":true,"_schema":null,"_schemaDelimiter":""},"isNewRecord":true},"validatorKey":"is_null","validatorName":null,"validatorArgs":[]},{"message":"MembershipApplication.next_of_kin_phone cannot be null","type":"notNull Violation","path":"next_of_kin_phone","value":null,"origin":"CORE","instance":{"dataValues":{"created_at":{},"updated_at":{},"savings":0,"investment":0,"target_saving":0,"target_period":12,"application_date":{},"profile_image":null,"id":null,"name":"Secretary Upload Test","psn":"SEC_UPLOAD_TEST","email":"sec_upload@test.com","phone":"08000000005","status":"approved"},"_previousDataValues":{},"uniqno":1,"_changed":{},"_options":{"isNewRecord":true,"_schema":null,"_schemaDelimiter":""},"isNewRecord":true},"validatorKey":"is_null","validatorName":null,"validatorArgs":[]}]}],"failureMessages":["SequelizeValidationError: notNull Violation: MembershipApplication.facility_name cannot be null,\nnotNull Violation: MembershipApplication.next_of_kin_name cannot be null,\nnotNull Violation: MembershipApplication.next_of_kin_phone cannot be null\n    at InstanceValidator._validate (C:\\Users\\7410\\imanmcs_project\\backend\\node_modules\\sequelize\\src\\instance-validator.js:78:13)\n    at InstanceValidator._validateAndRunHooks (C:\\Users\\7410\\imanmcs_project\\backend\\node_modules\\sequelize\\src\\instance-validator.js:111:7)\n    at InstanceValidator.validate (C:\\Users\\7410\\imanmcs_project\\backend\\node_modules\\sequelize\\src\\instance-validator.js:93:12)\n    at model.save (C:\\Users\\7410\\imanmcs_project\\backend\\node_modules\\sequelize\\src\\model.js:4077:7)\n    at Function.create (C:\\Users\\7410\\imanmcs_project\\backend\\node_modules\\sequelize\\src\\model.js:2305:12)\n    at Object.<anonymous> (C:\\Users\\7410\\imanmcs_project\\backend\\__tests__\\secretaryBulkUpload.test.js:14:20)"],"fullName":"Secretary Bulk Upload Protection allows admin to access bulk upload endpoint (auth check)","invocations":1,"location":null,"numPassingAsserts":0,"retryReasons":[],"status":"failed","title":"allows admin to access bulk upload endpoint (auth check)"}],"coverage":{},"endTime":1768424792094,"message":"\u001b[1m\u001b[31m  \u001b[1m● \u001b[22m\u001b[1mSecretary Bulk Upload Protection › blocks secretary from accessing bulk upload endpoint\u001b[39m\u001b[22m\n\n    SequelizeValidationError: notNull Violation: MembershipApplication.facility_name cannot be null,\n    notNull Violation: MembershipApplication.next_of_kin_name cannot be null,\n    notNull Violation: MembershipApplication.next_of_kin_phone cannot be null\n\u001b[2m\u001b[22m\n\u001b[2m    \u001b[0m \u001b[90m 12 |\u001b[39m   beforeAll(\u001b[36masync\u001b[39m () \u001b[33m=>\u001b[39m {\u001b[22m\n\u001b[2m     \u001b[90m 13 |\u001b[39m     \u001b[90m// Create Secretary User\u001b[39m\u001b[22m\n\u001b[2m    \u001b[31m\u001b[1m>\u001b[22m\u001b[2m\u001b[39m\u001b[90m 14 |\u001b[39m     \u001b[36mconst\u001b[39m secApp \u001b[33m=\u001b[39m \u001b[36mawait\u001b[39m \u001b[33mMembershipApplication\u001b[39m\u001b[33m.\u001b[39mcreate({\u001b[22m\n\u001b[2m     \u001b[90m    |\u001b[39m                    \u001b[31m\u001b[1m^\u001b[22m\u001b[2m\u001b[39m\u001b[22m\n\u001b[2m     \u001b[90m 15 |\u001b[39m       name\u001b[33m:\u001b[39m \u001b[32m'Secretary Upload Test'\u001b[39m\u001b[33m,\u001b[39m\u001b[22m\n\u001b[2m     \u001b[90m 16 |\u001b[39m       psn\u001b[33m:\u001b[39m \u001b[32m'SEC_UPLOAD_TEST'\u001b[39m\u001b[33m,\u001b[39m\u001b[22m\n\u001b[2m     \u001b[90m 17 |\u001b[39m       email\u001b[33m:\u001b[39m \u001b[32m'sec_upload@test.com'\u001b[39m\u001b[33m,\u001b[39m\u001b[0m\u001b[22m\n\u001b[2m\u001b[22m\n\u001b[2m      \u001b[2mat InstanceValidator._validate (\u001b[22m\u001b[2mnode_modules/sequelize/src/instance-validator.js\u001b[2m:78:13)\u001b[22m\u001b[2m\u001b[22m\n\u001b[2m      \u001b[2mat InstanceValidator._validateAndRunHooks (\u001b[22m\u001b[2mnode_modules/sequelize/src/instance-validator.js\u001b[2m:111:7)\u001b[22m\u001b[2m\u001b[22m\n\u001b[2m      \u001b[2mat InstanceValidator.validate (\u001b[22m\u001b[2mnode_modules/sequelize/src/instance-validator.js\u001b[2m:93:12)\u001b[22m\u001b[2m\u001b[22m\n\u001b[2m      \u001b[2mat model.save (\u001b[22m\u001b[2mnode_modules/sequelize/src/model.js\u001b[2m:4077:7)\u001b[22m\u001b[2m\u001b[22m\n\u001b[2m      \u001b[2mat Function.create (\u001b[22m\u001b[2mnode_modules/sequelize/src/model.js\u001b[2m:2305:12)\u001b[22m\u001b[2m\u001b[22m\n\u001b[2m      \u001b[2mat Object.<anonymous> (\u001b[22m\u001b[2m\u001b[0m\u001b[36m__tests__/secretaryBulkUpload.test.js\u001b[39m\u001b[0m\u001b[2m:14:20)\u001b[22m\u001b[2m\u001b[22m\n\n\u001b[1m\u001b[31m  \u001b[1m● \u001b[22m\u001b[1mSecretary Bulk Upload Protection › allows admin to access bulk upload endpoint (auth check)\u001b[39m\u001b[22m\n\n    SequelizeValidationError: notNull Violation: MembershipApplication.facility_name cannot be null,\n    notNull Violation: MembershipApplication.next_of_kin_name cannot be null,\n    notNull Violation: MembershipApplication.next_of_kin_phone cannot be null\n\u001b[2m\u001b[22m\n\u001b[2m    \u001b[0m \u001b[90m 12 |\u001b[39m   beforeAll(\u001b[36masync\u001b[39m () \u001b[33m=>\u001b[39m {\u001b[22m\n\u001b[2m     \u001b[90m 13 |\u001b[39m     \u001b[90m// Create Secretary User\u001b[39m\u001b[22m\n\u001b[2m    \u001b[31m\u001b[1m>\u001b[22m\u001b[2m\u001b[39m\u001b[90m 14 |\u001b[39m     \u001b[36mconst\u001b[39m secApp \u001b[33m=\u001b[39m \u001b[36mawait\u001b[39m \u001b[33mMembershipApplication\u001b[39m\u001b[33m.\u001b[39mcreate({\u001b[22m\n\u001b[2m     \u001b[90m    |\u001b[39m                    \u001b[31m\u001b[1m^\u001b[22m\u001b[2m\u001b[39m\u001b[22m\n\u001b[2m     \u001b[90m 15 |\u001b[39m       name\u001b[33m:\u001b[39m \u001b[32m'Secretary Upload Test'\u001b[39m\u001b[33m,\u001b[39m\u001b[22m\n\u001b[2m     \u001b[90m 16 |\u001b[39m       psn\u001b[33m:\u001b[39m \u001b[32m'SEC_UPLOAD_TEST'\u001b[39m\u001b[33m,\u001b[39m\u001b[22m\n\u001b[2m     \u001b[90m 17 |\u001b[39m       email\u001b[33m:\u001b[39m \u001b[32m'sec_upload@test.com'\u001b[39m\u001b[33m,\u001b[39m\u001b[0m\u001b[22m\n\u001b[2m\u001b[22m\n\u001b[2m      \u001b[2mat InstanceValidator._validate (\u001b[22m\u001b[2mnode_modules/sequelize/src/instance-validator.js\u001b[2m:78:13)\u001b[22m\u001b[2m\u001b[22m\n\u001b[2m      \u001b[2mat InstanceValidator._validateAndRunHooks (\u001b[22m\u001b[2mnode_modules/sequelize/src/instance-validator.js\u001b[2m:111:7)\u001b[22m\u001b[2m\u001b[22m\n\u001b[2m      \u001b[2mat InstanceValidator.validate (\u001b[22m\u001b[2mnode_modules/sequelize/src/instance-validator.js\u001b[2m:93:12)\u001b[22m\u001b[2m\u001b[22m\n\u001b[2m      \u001b[2mat model.save (\u001b[22m\u001b[2mnode_modules/sequelize/src/model.js\u001b[2m:4077:7)\u001b[22m\u001b[2m\u001b[22m\n\u001b[2m      \u001b[2mat Function.create (\u001b[22m\u001b[2mnode_modules/sequelize/src/model.js\u001b[2m:2305:12)\u001b[22m\u001b[2m\u001b[22m\n\u001b[2m      \u001b[2mat Object.<anonymous> (\u001b[22m\u001b[2m\u001b[0m\u001b[36m__tests__/secretaryBulkUpload.test.js\u001b[39m\u001b[0m\u001b[2m:14:20)\u001b[22m\u001b[2m\u001b[22m\n\n\n  \u001b[1m● \u001b[22mTest suite failed to run\n\n    TypeError: Cannot read properties of undefined (reading 'close')\n\n    \u001b[0m \u001b[90m 51 |\u001b[39m     \u001b[36mif\u001b[39m (secretaryUser) \u001b[36mawait\u001b[39m secretaryUser\u001b[33m.\u001b[39mdestroy({ force\u001b[33m:\u001b[39m \u001b[36mtrue\u001b[39m })\u001b[33m;\u001b[39m\n     \u001b[90m 52 |\u001b[39m     \u001b[36mif\u001b[39m (adminUser) \u001b[36mawait\u001b[39m adminUser\u001b[33m.\u001b[39mdestroy({ force\u001b[33m:\u001b[39m \u001b[36mtrue\u001b[39m })\u001b[33m;\u001b[39m\n    \u001b[31m\u001b[1m>\u001b[22m\u001b[39m\u001b[90m 53 |\u001b[39m     \u001b[36mawait\u001b[39m sequelize\u001b[33m.\u001b[39mclose()\u001b[33m;\u001b[39m\n     \u001b[90m    |\u001b[39m                     \u001b[31m\u001b[1m^\u001b[22m\u001b[39m\n     \u001b[90m 54 |\u001b[39m   })\u001b[33m;\u001b[39m\n     \u001b[90m 55 |\u001b[39m\n     \u001b[90m 56 |\u001b[39m   test(\u001b[32m'blocks secretary from accessing bulk upload endpoint'\u001b[39m\u001b[33m,\u001b[39m \u001b[36masync\u001b[39m () \u001b[33m=>\u001b[39m {\u001b[0m\n\n      \u001b[2mat Object.close (\u001b[22m\u001b[0m\u001b[36m__tests__/secretaryBulkUpload.test.js\u001b[39m\u001b[0m\u001b[2m:53:21)\u001b[22m\n","name":"C:\\Users\\7410\\imanmcs_project\\backend\\__tests__\\secretaryBulkUpload.test.js","startTime":1768424792094,"status":"failed","summary":""},{"assertionResults":[{"ancestorTitles":["Bulk Verify Loan Repayments"],"duration":2,"failureDetails":[{}],"failureMessages":["TypeError: Cannot read properties of undefined (reading 'transaction')\n    at transaction (C:\\Users\\7410\\imanmcs_project\\backend\\controllers\\loanRepaymentController.js:682:29)\n    at Object.bulkVerifyLoanRepayments (C:\\Users\\7410\\imanmcs_project\\backend\\__tests__\\loanRepaymentBulkVerify.test.js:37:11)\n    at Promise.then.completed (C:\\Users\\7410\\imanmcs_project\\backend\\node_modules\\jest-circus\\build\\utils.js:298:28)\n    at new Promise (<anonymous>)\n    at callAsyncCircusFn (C:\\Users\\7410\\imanmcs_project\\backend\\node_modules\\jest-circus\\build\\utils.js:231:10)\n    at _callCircusTest (C:\\Users\\7410\\imanmcs_project\\backend\\node_modules\\jest-circus\\build\\run.js:316:40)\n    at _runTest (C:\\Users\\7410\\imanmcs_project\\backend\\node_modules\\jest-circus\\build\\run.js:252:3)\n    at _runTestsForDescribeBlock (C:\\Users\\7410\\imanmcs_project\\backend\\node_modules\\jest-circus\\build\\run.js:126:9)\n    at _runTestsForDescribeBlock (C:\\Users\\7410\\imanmcs_project\\backend\\node_modules\\jest-circus\\build\\run.js:121:9)\n    at run (C:\\Users\\7410\\imanmcs_project\\backend\\node_modules\\jest-circus\\build\\run.js:71:3)\n    at runAndTransformResultsToJestFormat (C:\\Users\\7410\\imanmcs_project\\backend\\node_modules\\jest-circus\\build\\legacy-code-todo-rewrite\\jestAdapterInit.js:122:21)\n    at jestAdapter (C:\\Users\\7410\\imanmcs_project\\backend\\node_modules\\jest-circus\\build\\legacy-code-todo-rewrite\\jestAdapter.js:79:19)\n    at runTestInternal (C:\\Users\\7410\\imanmcs_project\\backend\\node_modules\\jest-runner\\build\\runTest.js:367:16)\n    at runTest (C:\\Users\\7410\\imanmcs_project\\backend\\node_modules\\jest-runner\\build\\runTest.js:444:34)"],"fullName":"Bulk Verify Loan Repayments should verify multiple repayments successfully","invocations":1,"location":null,"numPassingAsserts":0,"retryReasons":[],"status":"failed","title":"should verify multiple repayments successfully"},{"ancestorTitles":["Bulk Verify Loan Repayments"],"duration":1,"failureDetails":[{}],"failureMessages":["TypeError: Cannot read properties of undefined (reading 'transaction')\n    at transaction (C:\\Users\\7410\\imanmcs_project\\backend\\controllers\\loanRepaymentController.js:682:29)\n    at Object.bulkVerifyLoanRepayments (C:\\Users\\7410\\imanmcs_project\\backend\\__tests__\\loanRepaymentBulkVerify.test.js:61:11)\n    at Promise.then.completed (C:\\Users\\7410\\imanmcs_project\\backend\\node_modules\\jest-circus\\build\\utils.js:298:28)\n    at new Promise (<anonymous>)\n    at callAsyncCircusFn (C:\\Users\\7410\\imanmcs_project\\backend\\node_modules\\jest-circus\\build\\utils.js:231:10)\n    at _callCircusTest (C:\\Users\\7410\\imanmcs_project\\backend\\node_modules\\jest-circus\\build\\run.js:316:40)\n    at _runTest (C:\\Users\\7410\\imanmcs_project\\backend\\node_modules\\jest-circus\\build\\run.js:252:3)\n    at _runTestsForDescribeBlock (C:\\Users\\7410\\imanmcs_project\\backend\\node_modules\\jest-circus\\build\\run.js:126:9)\n    at _runTestsForDescribeBlock (C:\\Users\\7410\\imanmcs_project\\backend\\node_modules\\jest-circus\\build\\run.js:121:9)\n    at run (C:\\Users\\7410\\imanmcs_project\\backend\\node_modules\\jest-circus\\build\\run.js:71:3)\n    at runAndTransformResultsToJestFormat (C:\\Users\\7410\\imanmcs_project\\backend\\node_modules\\jest-circus\\build\\legacy-code-todo-rewrite\\jestAdapterInit.js:122:21)\n    at jestAdapter (C:\\Users\\7410\\imanmcs_project\\backend\\node_modules\\jest-circus\\build\\legacy-code-todo-rewrite\\jestAdapter.js:79:19)\n    at runTestInternal (C:\\Users\\7410\\imanmcs_project\\backend\\node_modules\\jest-runner\\build\\runTest.js:367:16)\n    at runTest (C:\\Users\\7410\\imanmcs_project\\backend\\node_modules\\jest-runner\\build\\runTest.js:444:34)"],"fullName":"Bulk Verify Loan Repayments should return 400 if no IDs provided","invocations":1,"location":null,"numPassingAsserts":0,"retryReasons":[],"status":"failed","title":"should return 400 if no IDs provided"},{"ancestorTitles":["Bulk Verify Loan Repayments"],"duration":1,"failureDetails":[{}],"failureMessages":["TypeError: Cannot read properties of undefined (reading 'transaction')\n    at transaction (C:\\Users\\7410\\imanmcs_project\\backend\\controllers\\loanRepaymentController.js:682:29)\n    at Object.bulkVerifyLoanRepayments (C:\\Users\\7410\\imanmcs_project\\backend\\__tests__\\loanRepaymentBulkVerify.test.js:75:11)\n    at Promise.then.completed (C:\\Users\\7410\\imanmcs_project\\backend\\node_modules\\jest-circus\\build\\utils.js:298:28)\n    at new Promise (<anonymous>)\n    at callAsyncCircusFn (C:\\Users\\7410\\imanmcs_project\\backend\\node_modules\\jest-circus\\build\\utils.js:231:10)\n    at _callCircusTest (C:\\Users\\7410\\imanmcs_project\\backend\\node_modules\\jest-circus\\build\\run.js:316:40)\n    at _runTest (C:\\Users\\7410\\imanmcs_project\\backend\\node_modules\\jest-circus\\build\\run.js:252:3)\n    at _runTestsForDescribeBlock (C:\\Users\\7410\\imanmcs_project\\backend\\node_modules\\jest-circus\\build\\run.js:126:9)\n    at _runTestsForDescribeBlock (C:\\Users\\7410\\imanmcs_project\\backend\\node_modules\\jest-circus\\build\\run.js:121:9)\n    at run (C:\\Users\\7410\\imanmcs_project\\backend\\node_modules\\jest-circus\\build\\run.js:71:3)\n    at runAndTransformResultsToJestFormat (C:\\Users\\7410\\imanmcs_project\\backend\\node_modules\\jest-circus\\build\\legacy-code-todo-rewrite\\jestAdapterInit.js:122:21)\n    at jestAdapter (C:\\Users\\7410\\imanmcs_project\\backend\\node_modules\\jest-circus\\build\\legacy-code-todo-rewrite\\jestAdapter.js:79:19)\n    at runTestInternal (C:\\Users\\7410\\imanmcs_project\\backend\\node_modules\\jest-runner\\build\\runTest.js:367:16)\n    at runTest (C:\\Users\\7410\\imanmcs_project\\backend\\node_modules\\jest-runner\\build\\runTest.js:444:34)"],"fullName":"Bulk Verify Loan Repayments should handle database errors","invocations":1,"location":null,"numPassingAsserts":0,"retryReasons":[],"status":"failed","title":"should handle database errors"}],"endTime":1768424743579,"message":"\u001b[1m\u001b[31m  \u001b[1m● \u001b[22m\u001b[1mBulk Verify Loan Repayments › should verify multiple repayments successfully\u001b[39m\u001b[22m\n\n    TypeError: Cannot read properties of undefined (reading 'transaction')\n\u001b[2m\u001b[22m\n\u001b[2m    \u001b[0m \u001b[90m 680 |\u001b[39m\u001b[22m\n\u001b[2m     \u001b[90m 681 |\u001b[39m \u001b[36mconst\u001b[39m bulkVerifyLoanRepayments \u001b[33m=\u001b[39m \u001b[36masync\u001b[39m (req\u001b[33m,\u001b[39m res) \u001b[33m=>\u001b[39m {\u001b[22m\n\u001b[2m    \u001b[31m\u001b[1m>\u001b[22m\u001b[2m\u001b[39m\u001b[90m 682 |\u001b[39m   \u001b[36mconst\u001b[39m t \u001b[33m=\u001b[39m \u001b[36mawait\u001b[39m sequelize\u001b[33m.\u001b[39mtransaction()\u001b[33m;\u001b[39m\u001b[22m\n\u001b[2m     \u001b[90m     |\u001b[39m                             \u001b[31m\u001b[1m^\u001b[22m\u001b[2m\u001b[39m\u001b[22m\n\u001b[2m     \u001b[90m 683 |\u001b[39m   \u001b[36mtry\u001b[39m {\u001b[22m\n\u001b[2m     \u001b[90m 684 |\u001b[39m     \u001b[36mconst\u001b[39m { repayment_ids } \u001b[33m=\u001b[39m req\u001b[33m.\u001b[39mbody\u001b[33m;\u001b[39m\u001b[22m\n\u001b[2m     \u001b[90m 685 |\u001b[39m\u001b[0m\u001b[22m\n\u001b[2m\u001b[22m\n\u001b[2m      \u001b[2mat transaction (\u001b[22m\u001b[2mcontrollers/loanRepaymentController.js\u001b[2m:682:29)\u001b[22m\u001b[2m\u001b[22m\n\u001b[2m      \u001b[2mat Object.bulkVerifyLoanRepayments (\u001b[22m\u001b[2m\u001b[0m\u001b[36m__tests__/loanRepaymentBulkVerify.test.js\u001b[39m\u001b[0m\u001b[2m:37:11)\u001b[22m\u001b[2m\u001b[22m\n\n\u001b[1m\u001b[31m  \u001b[1m● \u001b[22m\u001b[1mBulk Verify Loan Repayments › should return 400 if no IDs provided\u001b[39m\u001b[22m\n\n    TypeError: Cannot read properties of undefined (reading 'transaction')\n\u001b[2m\u001b[22m\n\u001b[2m    \u001b[0m \u001b[90m 680 |\u001b[39m\u001b[22m\n\u001b[2m     \u001b[90m 681 |\u001b[39m \u001b[36mconst\u001b[39m bulkVerifyLoanRepayments \u001b[33m=\u001b[39m \u001b[36masync\u001b[39m (req\u001b[33m,\u001b[39m res) \u001b[33m=>\u001b[39m {\u001b[22m\n\u001b[2m    \u001b[31m\u001b[1m>\u001b[22m\u001b[2m\u001b[39m\u001b[90m 682 |\u001b[39m   \u001b[36mconst\u001b[39m t \u001b[33m=\u001b[39m \u001b[36mawait\u001b[39m sequelize\u001b[33m.\u001b[39mtransaction()\u001b[33m;\u001b[39m\u001b[22m\n\u001b[2m     \u001b[90m     |\u001b[39m                             \u001b[31m\u001b[1m^\u001b[22m\u001b[2m\u001b[39m\u001b[22m\n\u001b[2m     \u001b[90m 683 |\u001b[39m   \u001b[36mtry\u001b[39m {\u001b[22m\n\u001b[2m     \u001b[90m 684 |\u001b[39m     \u001b[36mconst\u001b[39m { repayment_ids } \u001b[33m=\u001b[39m req\u001b[33m.\u001b[39mbody\u001b[33m;\u001b[39m\u001b[22m\n\u001b[2m     \u001b[90m 685 |\u001b[39m\u001b[0m\u001b[22m\n\u001b[2m\u001b[22m\n\u001b[2m      \u001b[2mat transaction (\u001b[22m\u001b[2mcontrollers/loanRepaymentController.js\u001b[2m:682:29)\u001b[22m\u001b[2m\u001b[22m\n\u001b[2m      \u001b[2mat Object.bulkVerifyLoanRepayments (\u001b[22m\u001b[2m\u001b[0m\u001b[36m__tests__/loanRepaymentBulkVerify.test.js\u001b[39m\u001b[0m\u001b[2m:61:11)\u001b[22m\u001b[2m\u001b[22m\n\n\u001b[1m\u001b[31m  \u001b[1m● \u001b[22m\u001b[1mBulk Verify Loan Repayments › should handle database errors\u001b[39m\u001b[22m\n\n    TypeError: Cannot read properties of undefined (reading 'transaction')\n\u001b[2m\u001b[22m\n\u001b[2m    \u001b[0m \u001b[90m 680 |\u001b[39m\u001b[22m\n\u001b[2m     \u001b[90m 681 |\u001b[39m \u001b[36mconst\u001b[39m bulkVerifyLoanRepayments \u001b[33m=\u001b[39m \u001b[36masync\u001b[39m (req\u001b[33m,\u001b[39m res) \u001b[33m=>\u001b[39m {\u001b[22m\n\u001b[2m    \u001b[31m\u001b[1m>\u001b[22m\u001b[2m\u001b[39m\u001b[90m 682 |\u001b[39m   \u001b[36mconst\u001b[39m t \u001b[33m=\u001b[39m \u001b[36mawait\u001b[39m sequelize\u001b[33m.\u001b[39mtransaction()\u001b[33m;\u001b[39m\u001b[22m\n\u001b[2m     \u001b[90m     |\u001b[39m                             \u001b[31m\u001b[1m^\u001b[22m\u001b[2m\u001b[39m\u001b[22m\n\u001b[2m     \u001b[90m 683 |\u001b[39m   \u001b[36mtry\u001b[39m {\u001b[22m\n\u001b[2m     \u001b[90m 684 |\u001b[39m     \u001b[36mconst\u001b[39m { repayment_ids } \u001b[33m=\u001b[39m req\u001b[33m.\u001b[39mbody\u001b[33m;\u001b[39m\u001b[22m\n\u001b[2m     \u001b[90m 685 |\u001b[39m\u001b[0m\u001b[22m\n\u001b[2m\u001b[22m\n\u001b[2m      \u001b[2mat transaction (\u001b[22m\u001b[2mcontrollers/loanRepaymentController.js\u001b[2m:682:29)\u001b[22m\u001b[2m\u001b[22m\n\u001b[2m      \u001b[2mat Object.bulkVerifyLoanRepayments (\u001b[22m\u001b[2m\u001b[0m\u001b[36m__tests__/loanRepaymentBulkVerify.test.js\u001b[39m\u001b[0m\u001b[2m:75:11)\u001b[22m\u001b[2m\u001b[22m\n","name":"C:\\Users\\7410\\imanmcs_project\\backend\\__tests__\\loanRepaymentBulkVerify.test.js","startTime":1768424742660,"status":"failed","summary":""},{"assertionResults":[{"ancestorTitles":["Update Loan Repayment"],"duration":1,"failureDetails":[{}],"failureMessages":["TypeError: Cannot read properties of undefined (reading 'transaction')\n    at transaction (C:\\Users\\7410\\imanmcs_project\\backend\\controllers\\loanRepaymentController.js:402:29)\n    at Object.updateLoanRepayment (C:\\Users\\7410\\imanmcs_project\\backend\\__tests__\\loanRepaymentUpdate.test.js:43:11)\n    at Promise.then.completed (C:\\Users\\7410\\imanmcs_project\\backend\\node_modules\\jest-circus\\build\\utils.js:298:28)\n    at new Promise (<anonymous>)\n    at callAsyncCircusFn (C:\\Users\\7410\\imanmcs_project\\backend\\node_modules\\jest-circus\\build\\utils.js:231:10)\n    at _callCircusTest (C:\\Users\\7410\\imanmcs_project\\backend\\node_modules\\jest-circus\\build\\run.js:316:40)\n    at _runTest (C:\\Users\\7410\\imanmcs_project\\backend\\node_modules\\jest-circus\\build\\run.js:252:3)\n    at _runTestsForDescribeBlock (C:\\Users\\7410\\imanmcs_project\\backend\\node_modules\\jest-circus\\build\\run.js:126:9)\n    at _runTestsForDescribeBlock (C:\\Users\\7410\\imanmcs_project\\backend\\node_modules\\jest-circus\\build\\run.js:121:9)\n    at run (C:\\Users\\7410\\imanmcs_project\\backend\\node_modules\\jest-circus\\build\\run.js:71:3)\n    at runAndTransformResultsToJestFormat (C:\\Users\\7410\\imanmcs_project\\backend\\node_modules\\jest-circus\\build\\legacy-code-todo-rewrite\\jestAdapterInit.js:122:21)\n    at jestAdapter (C:\\Users\\7410\\imanmcs_project\\backend\\node_modules\\jest-circus\\build\\legacy-code-todo-rewrite\\jestAdapter.js:79:19)\n    at runTestInternal (C:\\Users\\7410\\imanmcs_project\\backend\\node_modules\\jest-runner\\build\\runTest.js:367:16)\n    at runTest (C:\\Users\\7410\\imanmcs_project\\backend\\node_modules\\jest-runner\\build\\runTest.js:444:34)"],"fullName":"Update Loan Repayment should update repayment status to verified","invocations":1,"location":null,"numPassingAsserts":0,"retryReasons":[],"status":"failed","title":"should update repayment status to verified"},{"ancestorTitles":["Update Loan Repayment"],"duration":2,"failureDetails":[{}],"failureMessages":["TypeError: Cannot read properties of undefined (reading 'transaction')\n    at transaction (C:\\Users\\7410\\imanmcs_project\\backend\\controllers\\loanRepaymentController.js:402:29)\n    at Object.updateLoanRepayment (C:\\Users\\7410\\imanmcs_project\\backend\\__tests__\\loanRepaymentUpdate.test.js:65:11)\n    at Promise.then.completed (C:\\Users\\7410\\imanmcs_project\\backend\\node_modules\\jest-circus\\build\\utils.js:298:28)\n    at new Promise (<anonymous>)\n    at callAsyncCircusFn (C:\\Users\\7410\\imanmcs_project\\backend\\node_modules\\jest-circus\\build\\utils.js:231:10)\n    at _callCircusTest (C:\\Users\\7410\\imanmcs_project\\backend\\node_modules\\jest-circus\\build\\run.js:316:40)\n    at _runTest (C:\\Users\\7410\\imanmcs_project\\backend\\node_modules\\jest-circus\\build\\run.js:252:3)\n    at _runTestsForDescribeBlock (C:\\Users\\7410\\imanmcs_project\\backend\\node_modules\\jest-circus\\build\\run.js:126:9)\n    at _runTestsForDescribeBlock (C:\\Users\\7410\\imanmcs_project\\backend\\node_modules\\jest-circus\\build\\run.js:121:9)\n    at run (C:\\Users\\7410\\imanmcs_project\\backend\\node_modules\\jest-circus\\build\\run.js:71:3)\n    at runAndTransformResultsToJestFormat (C:\\Users\\7410\\imanmcs_project\\backend\\node_modules\\jest-circus\\build\\legacy-code-todo-rewrite\\jestAdapterInit.js:122:21)\n    at jestAdapter (C:\\Users\\7410\\imanmcs_project\\backend\\node_modules\\jest-circus\\build\\legacy-code-todo-rewrite\\jestAdapter.js:79:19)\n    at runTestInternal (C:\\Users\\7410\\imanmcs_project\\backend\\node_modules\\jest-runner\\build\\runTest.js:367:16)\n    at runTest (C:\\Users\\7410\\imanmcs_project\\backend\\node_modules\\jest-runner\\build\\runTest.js:444:34)"],"fullName":"Update Loan Repayment should update repayment status to rejected with notes","invocations":1,"location":null,"numPassingAsserts":0,"retryReasons":[],"status":"failed","title":"should update repayment status to rejected with notes"},{"ancestorTitles":["Update Loan Repayment"],"duration":0,"failureDetails":[{}],"failureMessages":["TypeError: Cannot read properties of undefined (reading 'transaction')\n    at transaction (C:\\Users\\7410\\imanmcs_project\\backend\\controllers\\loanRepaymentController.js:402:29)\n    at Object.updateLoanRepayment (C:\\Users\\7410\\imanmcs_project\\backend\\__tests__\\loanRepaymentUpdate.test.js:79:11)\n    at Promise.then.completed (C:\\Users\\7410\\imanmcs_project\\backend\\node_modules\\jest-circus\\build\\utils.js:298:28)\n    at new Promise (<anonymous>)\n    at callAsyncCircusFn (C:\\Users\\7410\\imanmcs_project\\backend\\node_modules\\jest-circus\\build\\utils.js:231:10)\n    at _callCircusTest (C:\\Users\\7410\\imanmcs_project\\backend\\node_modules\\jest-circus\\build\\run.js:316:40)\n    at _runTest (C:\\Users\\7410\\imanmcs_project\\backend\\node_modules\\jest-circus\\build\\run.js:252:3)\n    at _runTestsForDescribeBlock (C:\\Users\\7410\\imanmcs_project\\backend\\node_modules\\jest-circus\\build\\run.js:126:9)\n    at _runTestsForDescribeBlock (C:\\Users\\7410\\imanmcs_project\\backend\\node_modules\\jest-circus\\build\\run.js:121:9)\n    at run (C:\\Users\\7410\\imanmcs_project\\backend\\node_modules\\jest-circus\\build\\run.js:71:3)\n    at runAndTransformResultsToJestFormat (C:\\Users\\7410\\imanmcs_project\\backend\\node_modules\\jest-circus\\build\\legacy-code-todo-rewrite\\jestAdapterInit.js:122:21)\n    at jestAdapter (C:\\Users\\7410\\imanmcs_project\\backend\\node_modules\\jest-circus\\build\\legacy-code-todo-rewrite\\jestAdapter.js:79:19)\n    at runTestInternal (C:\\Users\\7410\\imanmcs_project\\backend\\node_modules\\jest-runner\\build\\runTest.js:367:16)\n    at runTest (C:\\Users\\7410\\imanmcs_project\\backend\\node_modules\\jest-runner\\build\\runTest.js:444:34)"],"fullName":"Update Loan Repayment should return 404 if repayment not found","invocations":1,"location":null,"numPassingAsserts":0,"retryReasons":[],"status":"failed","title":"should return 404 if repayment not found"}],"endTime":1768424744212,"message":"\u001b[1m\u001b[31m  \u001b[1m● \u001b[22m\u001b[1mUpdate Loan Repayment › should update repayment status to verified\u001b[39m\u001b[22m\n\n    TypeError: Cannot read properties of undefined (reading 'transaction')\n\u001b[2m\u001b[22m\n\u001b[2m    \u001b[0m \u001b[90m 400 |\u001b[39m\u001b[22m\n\u001b[2m     \u001b[90m 401 |\u001b[39m \u001b[36mconst\u001b[39m updateLoanRepayment \u001b[33m=\u001b[39m \u001b[36masync\u001b[39m (req\u001b[33m,\u001b[39m res) \u001b[33m=>\u001b[39m {\u001b[22m\n\u001b[2m    \u001b[31m\u001b[1m>\u001b[22m\u001b[2m\u001b[39m\u001b[90m 402 |\u001b[39m   \u001b[36mconst\u001b[39m t \u001b[33m=\u001b[39m \u001b[36mawait\u001b[39m sequelize\u001b[33m.\u001b[39mtransaction()\u001b[33m;\u001b[39m\u001b[22m\n\u001b[2m     \u001b[90m     |\u001b[39m                             \u001b[31m\u001b[1m^\u001b[22m\u001b[2m\u001b[39m\u001b[22m\n\u001b[2m     \u001b[90m 403 |\u001b[39m   \u001b[36mtry\u001b[39m {\u001b[22m\n\u001b[2m     \u001b[90m 404 |\u001b[39m     \u001b[36mconst\u001b[39m { id } \u001b[33m=\u001b[39m req\u001b[33m.\u001b[39mparams\u001b[33m;\u001b[39m\u001b[22m\n\u001b[2m     \u001b[90m 405 |\u001b[39m     \u001b[36mconst\u001b[39m { status\u001b[33m,\u001b[39m notes } \u001b[33m=\u001b[39m req\u001b[33m.\u001b[39mbody\u001b[33m;\u001b[39m\u001b[0m\u001b[22m\n\u001b[2m\u001b[22m\n\u001b[2m      \u001b[2mat transaction (\u001b[22m\u001b[2mcontrollers/loanRepaymentController.js\u001b[2m:402:29)\u001b[22m\u001b[2m\u001b[22m\n\u001b[2m      \u001b[2mat Object.updateLoanRepayment (\u001b[22m\u001b[2m\u001b[0m\u001b[36m__tests__/loanRepaymentUpdate.test.js\u001b[39m\u001b[0m\u001b[2m:43:11)\u001b[22m\u001b[2m\u001b[22m\n\n\u001b[1m\u001b[31m  \u001b[1m● \u001b[22m\u001b[1mUpdate Loan Repayment › should update repayment status to rejected with notes\u001b[39m\u001b[22m\n\n    TypeError: Cannot read properties of undefined (reading 'transaction')\n\u001b[2m\u001b[22m\n\u001b[2m    \u001b[0m \u001b[90m 400 |\u001b[39m\u001b[22m\n\u001b[2m     \u001b[90m 401 |\u001b[39m \u001b[36mconst\u001b[39m updateLoanRepayment \u001b[33m=\u001b[39m \u001b[36masync\u001b[39m (req\u001b[33m,\u001b[39m res) \u001b[33m=>\u001b[39m {\u001b[22m\n\u001b[2m    \u001b[31m\u001b[1m>\u001b[22m\u001b[2m\u001b[39m\u001b[90m 402 |\u001b[39m   \u001b[36mconst\u001b[39m t \u001b[33m=\u001b[39m \u001b[36mawait\u001b[39m sequelize\u001b[33m.\u001b[39mtransaction()\u001b[33m;\u001b[39m\u001b[22m\n\u001b[2m     \u001b[90m     |\u001b[39m                             \u001b[31m\u001b[1m^\u001b[22m\u001b[2m\u001b[39m\u001b[22m\n\u001b[2m     \u001b[90m 403 |\u001b[39m   \u001b[36mtry\u001b[39m {\u001b[22m\n\u001b[2m     \u001b[90m 404 |\u001b[39m     \u001b[36mconst\u001b[39m { id } \u001b[33m=\u001b[39m req\u001b[33m.\u001b[39mparams\u001b[33m;\u001b[39m\u001b[22m\n\u001b[2m     \u001b[90m 405 |\u001b[39m     \u001b[36mconst\u001b[39m { status\u001b[33m,\u001b[39m notes } \u001b[33m=\u001b[39m req\u001b[33m.\u001b[39mbody\u001b[33m;\u001b[39m\u001b[0m\u001b[22m\n\u001b[2m\u001b[22m\n\u001b[2m      \u001b[2mat transaction (\u001b[22m\u001b[2mcontrollers/loanRepaymentController.js\u001b[2m:402:29)\u001b[22m\u001b[2m\u001b[22m\n\u001b[2m      \u001b[2mat Object.updateLoanRepayment (\u001b[22m\u001b[2m\u001b[0m\u001b[36m__tests__/loanRepaymentUpdate.test.js\u001b[39m\u001b[0m\u001b[2m:65:11)\u001b[22m\u001b[2m\u001b[22m\n\n\u001b[1m\u001b[31m  \u001b[1m● \u001b[22m\u001b[1mUpdate Loan Repayment › should return 404 if repayment not found\u001b[39m\u001b[22m\n\n    TypeError: Cannot read properties of undefined (reading 'transaction')\n\u001b[2m\u001b[22m\n\u001b[2m    \u001b[0m \u001b[90m 400 |\u001b[39m\u001b[22m\n\u001b[2m     \u001b[90m 401 |\u001b[39m \u001b[36mconst\u001b[39m updateLoanRepayment \u001b[33m=\u001b[39m \u001b[36masync\u001b[39m (req\u001b[33m,\u001b[39m res) \u001b[33m=>\u001b[39m {\u001b[22m\n\u001b[2m    \u001b[31m\u001b[1m>\u001b[22m\u001b[2m\u001b[39m\u001b[90m 402 |\u001b[39m   \u001b[36mconst\u001b[39m t \u001b[33m=\u001b[39m \u001b[36mawait\u001b[39m sequelize\u001b[33m.\u001b[39mtransaction()\u001b[33m;\u001b[39m\u001b[22m\n\u001b[2m     \u001b[90m     |\u001b[39m                             \u001b[31m\u001b[1m^\u001b[22m\u001b[2m\u001b[39m\u001b[22m\n\u001b[2m     \u001b[90m 403 |\u001b[39m   \u001b[36mtry\u001b[39m {\u001b[22m\n\u001b[2m     \u001b[90m 404 |\u001b[39m     \u001b[36mconst\u001b[39m { id } \u001b[33m=\u001b[39m req\u001b[33m.\u001b[39mparams\u001b[33m;\u001b[39m\u001b[22m\n\u001b[2m     \u001b[90m 405 |\u001b[39m     \u001b[36mconst\u001b[39m { status\u001b[33m,\u001b[39m notes } \u001b[33m=\u001b[39m req\u001b[33m.\u001b[39mbody\u001b[33m;\u001b[39m\u001b[0m\u001b[22m\n\u001b[2m\u001b[22m\n\u001b[2m      \u001b[2mat transaction (\u001b[22m\u001b[2mcontrollers/loanRepaymentController.js\u001b[2m:402:29)\u001b[22m\u001b[2m\u001b[22m\n\u001b[2m      \u001b[2mat Object.updateLoanRepayment (\u001b[22m\u001b[2m\u001b[0m\u001b[36m__tests__/loanRepaymentUpdate.test.js\u001b[39m\u001b[0m\u001b[2m:79:11)\u001b[22m\u001b[2m\u001b[22m\n","name":"C:\\Users\\7410\\imanmcs_project\\backend\\__tests__\\loanRepaymentUpdate.test.js","startTime":1768424743620,"status":"failed","summary":""},{"assertionResults":[{"ancestorTitles":["Loan Repayment Processing","updateLoanRepayment"],"duration":8,"failureDetails":[],"failureMessages":[],"fullName":"Loan Repayment Processing updateLoanRepayment should verify repayment and complete loan if fully paid","invocations":1,"location":null,"numPassingAsserts":6,"retryReasons":[],"status":"passed","title":"should verify repayment and complete loan if fully paid"},{"ancestorTitles":["Loan Repayment Processing","updateLoanRepayment"],"duration":1,"failureDetails":[],"failureMessages":[],"fullName":"Loan Repayment Processing updateLoanRepayment should verify repayment but keep loan active if partially paid","invocations":1,"location":null,"numPassingAsserts":2,"retryReasons":[],"status":"passed","title":"should verify repayment but keep loan active if partially paid"}],"endTime":1768424744790,"message":"","name":"C:\\Users\\7410\\imanmcs_project\\backend\\__tests__\\loanRepaymentProcess.test.js","startTime":1768424744249,"status":"passed","summary":""},{"assertionResults":[{"ancestorTitles":["Direct Messages API"],"duration":243,"failureDetails":[],"failureMessages":[],"fullName":"Direct Messages API admin can send direct message to member","invocations":1,"location":null,"numPassingAsserts":5,"retryReasons":[],"status":"passed","title":"admin can send direct message to member"},{"ancestorTitles":["Direct Messages API"],"duration":211,"failureDetails":[],"failureMessages":[],"fullName":"Direct Messages API non-admin cannot send direct messages","invocations":1,"location":null,"numPassingAsserts":1,"retryReasons":[],"status":"passed","title":"non-admin cannot send direct messages"},{"ancestorTitles":["Direct Messages API"],"duration":2443,"failureDetails":[],"failureMessages":[],"fullName":"Direct Messages API rate limiting prevents abuse","invocations":1,"location":null,"numPassingAsserts":1,"retryReasons":[],"status":"passed","title":"rate limiting prevents abuse"},{"ancestorTitles":["Direct Messages API"],"duration":287,"failureDetails":[],"failureMessages":[],"fullName":"Direct Messages API admin can fetch sent message history","invocations":1,"location":null,"numPassingAsserts":3,"retryReasons":[],"status":"passed","title":"admin can fetch sent message history"},{"ancestorTitles":["Direct Messages API"],"duration":136,"failureDetails":[],"failureMessages":[],"fullName":"Direct Messages API member can fetch received messages","invocations":1,"location":null,"numPassingAsserts":4,"retryReasons":[],"status":"passed","title":"member can fetch received messages"},{"ancestorTitles":["Direct Messages API"],"duration":53,"failureDetails":[],"failureMessages":[],"fullName":"Direct Messages API member can mark message as read","invocations":1,"location":null,"numPassingAsserts":5,"retryReasons":[],"status":"passed","title":"member can mark message as read"}],"endTime":1768424753259,"message":"","name":"C:\\Users\\7410\\imanmcs_project\\backend\\__tests__\\directMessages.test.js","startTime":1768424744820,"status":"passed","summary":""},{"assertionResults":[{"ancestorTitles":["Loan Reverse Actions & Admin Delete API","POST /loans/:id/reverse-approval"],"duration":111,"failureDetails":[],"failureMessages":[],"fullName":"Loan Reverse Actions & Admin Delete API POST /loans/:id/reverse-approval should reverse an approved loan back to pending","invocations":1,"location":null,"numPassingAsserts":11,"retryReasons":[],"status":"passed","title":"should reverse an approved loan back to pending"},{"ancestorTitles":["Loan Reverse Actions & Admin Delete API","POST /loans/:id/reverse-approval"],"duration":54,"failureDetails":[],"failureMessages":[],"fullName":"Loan Reverse Actions & Admin Delete API POST /loans/:id/reverse-approval should fail if loan is not in approved state","invocations":1,"location":null,"numPassingAsserts":2,"retryReasons":[],"status":"passed","title":"should fail if loan is not in approved state"},{"ancestorTitles":["Loan Reverse Actions & Admin Delete API","POST /loans/:id/reverse-disbursement"],"duration":58,"failureDetails":[],"failureMessages":[],"fullName":"Loan Reverse Actions & Admin Delete API POST /loans/:id/reverse-disbursement should reverse a disbursed loan back to approved","invocations":1,"location":null,"numPassingAsserts":12,"retryReasons":[],"status":"passed","title":"should reverse a disbursed loan back to approved"},{"ancestorTitles":["Loan Reverse Actions & Admin Delete API","POST /loans/:id/reverse-disbursement"],"duration":46,"failureDetails":[],"failureMessages":[],"fullName":"Loan Reverse Actions & Admin Delete API POST /loans/:id/reverse-disbursement should fail if loan is not in disbursed state","invocations":1,"location":null,"numPassingAsserts":2,"retryReasons":[],"status":"passed","title":"should fail if loan is not in disbursed state"},{"ancestorTitles":["Loan Reverse Actions & Admin Delete API","DELETE /loans/:id (Admin Override)"],"duration":56,"failureDetails":[],"failureMessages":[],"fullName":"Loan Reverse Actions & Admin Delete API DELETE /loans/:id (Admin Override) should allow admin to delete a processed loan","invocations":1,"location":null,"numPassingAsserts":5,"retryReasons":[],"status":"passed","title":"should allow admin to delete a processed loan"},{"ancestorTitles":["Loan Reverse Actions & Admin Delete API","DELETE /loans/:id (Admin Override)"],"duration":68,"failureDetails":[],"failureMessages":[],"fullName":"Loan Reverse Actions & Admin Delete API DELETE /loans/:id (Admin Override) should prevent regular user from deleting a processed loan","invocations":1,"location":null,"numPassingAsserts":2,"retryReasons":[],"status":"passed","title":"should prevent regular user from deleting a processed loan"},{"ancestorTitles":["Loan Reverse Actions & Admin Delete API","DELETE /loans/:id (Admin Override)"],"duration":131,"failureDetails":[],"failureMessages":[],"fullName":"Loan Reverse Actions & Admin Delete API DELETE /loans/:id (Admin Override) should allow regular user to delete their own pending loan","invocations":1,"location":null,"numPassingAsserts":2,"retryReasons":[],"status":"passed","title":"should allow regular user to delete their own pending loan"}],"endTime":1768424761230,"message":"","name":"C:\\Users\\7410\\imanmcs_project\\backend\\tests\\loan_reverse_actions.test.js","startTime":1768424753502,"status":"passed","summary":""},{"assertionResults":[{"ancestorTitles":["Loan Repayment Pagination"],"duration":5,"failureDetails":[],"failureMessages":[],"fullName":"Loan Repayment Pagination should return paginated results with default limit 20","invocations":1,"location":null,"numPassingAsserts":2,"retryReasons":[],"status":"passed","title":"should return paginated results with default limit 20"},{"ancestorTitles":["Loan Repayment Pagination"],"duration":1,"failureDetails":[],"failureMessages":[],"fullName":"Loan Repayment Pagination should respect custom page and limit","invocations":1,"location":null,"numPassingAsserts":2,"retryReasons":[],"status":"passed","title":"should respect custom page and limit"}],"endTime":1768424762274,"message":"","name":"C:\\Users\\7410\\imanmcs_project\\backend\\__tests__\\loanRepaymentPagination.test.js","startTime":1768424761292,"status":"passed","summary":""},{"assertionResults":[{"ancestorTitles":["Dashboard API Integration Tests","GET /dashboard/member/stats"],"duration":437,"failureDetails":[],"failureMessages":[],"fullName":"Dashboard API Integration Tests GET /dashboard/member/stats should return default stats for new user with no data","invocations":1,"location":null,"numPassingAsserts":6,"retryReasons":[],"status":"passed","title":"should return default stats for new user with no data"},{"ancestorTitles":["Dashboard API Integration Tests","GET /dashboard/member/stats"],"duration":36,"failureDetails":[],"failureMessages":[],"fullName":"Dashboard API Integration Tests GET /dashboard/member/stats should calculate stats correctly with contributions and loans","invocations":1,"location":null,"numPassingAsserts":6,"retryReasons":[],"status":"passed","title":"should calculate stats correctly with contributions and loans"}],"endTime":1768424764742,"message":"","name":"C:\\Users\\7410\\imanmcs_project\\backend\\tests\\dashboard_api.test.js","startTime":1768424762321,"status":"passed","summary":""},{"assertionResults":[{"ancestorTitles":["Contribution Fee Deductions"],"duration":133,"failureDetails":[],"failureMessages":[],"fullName":"Contribution Fee Deductions applies registration fee on first contribution and scales buckets","invocations":1,"location":null,"numPassingAsserts":7,"retryReasons":[],"status":"passed","title":"applies registration fee on first contribution and scales buckets"},{"ancestorTitles":["Contribution Fee Deductions"],"duration":36,"failureDetails":[],"failureMessages":[],"fullName":"Contribution Fee Deductions applies monthly admin fee on subsequent contribution","invocations":1,"location":null,"numPassingAsserts":7,"retryReasons":[],"status":"passed","title":"applies monthly admin fee on subsequent contribution"}],"endTime":1768424766854,"message":"","name":"C:\\Users\\7410\\imanmcs_project\\backend\\tests\\contributions_fees.test.js","startTime":1768424764839,"status":"passed","summary":""},{"assertionResults":[{"ancestorTitles":["Loan Bulk Actions API","POST /loans/bulk-status"],"duration":86,"failureDetails":[],"failureMessages":[],"fullName":"Loan Bulk Actions API POST /loans/bulk-status should bulk approve pending loans","invocations":1,"location":null,"numPassingAsserts":8,"retryReasons":[],"status":"passed","title":"should bulk approve pending loans"},{"ancestorTitles":["Loan Bulk Actions API","POST /loans/bulk-status"],"duration":48,"failureDetails":[],"failureMessages":[],"fullName":"Loan Bulk Actions API POST /loans/bulk-status should bulk reject pending loans","invocations":1,"location":null,"numPassingAsserts":3,"retryReasons":[],"status":"passed","title":"should bulk reject pending loans"},{"ancestorTitles":["Loan Bulk Actions API","POST /loans/bulk-status"],"duration":31,"failureDetails":[],"failureMessages":[],"fullName":"Loan Bulk Actions API POST /loans/bulk-status should fail validation for invalid transition","invocations":1,"location":null,"numPassingAsserts":4,"retryReasons":[],"status":"passed","title":"should fail validation for invalid transition"},{"ancestorTitles":["Loan Bulk Actions API","POST /loans/bulk-status"],"duration":35,"failureDetails":[],"failureMessages":[],"fullName":"Loan Bulk Actions API POST /loans/bulk-status should return 400 if no loanIds provided","invocations":1,"location":null,"numPassingAsserts":1,"retryReasons":[],"status":"passed","title":"should return 400 if no loanIds provided"}],"endTime":1768424769326,"message":"","name":"C:\\Users\\7410\\imanmcs_project\\backend\\tests\\loan_bulk_actions.test.js","startTime":1768424766928,"status":"passed","summary":""},{"assertionResults":[{"ancestorTitles":["Admin Bulk Upload Functionality"],"duration":72,"failureDetails":[],"failureMessages":[],"fullName":"Admin Bulk Upload Functionality successfully uploads repayments via CSV using PSN","invocations":1,"location":null,"numPassingAsserts":6,"retryReasons":[],"status":"passed","title":"successfully uploads repayments via CSV using PSN"},{"ancestorTitles":["Admin Bulk Upload Functionality"],"duration":26,"failureDetails":[],"failureMessages":[],"fullName":"Admin Bulk Upload Functionality handles invalid PSN gracefully","invocations":1,"location":null,"numPassingAsserts":4,"retryReasons":[],"status":"passed","title":"handles invalid PSN gracefully"},{"ancestorTitles":["Admin Bulk Upload Functionality"],"duration":68,"failureDetails":[],"failureMessages":[],"fullName":"Admin Bulk Upload Functionality successfully parses DD/MM/YYYY date and mixed case method","invocations":1,"location":null,"numPassingAsserts":5,"retryReasons":[],"status":"passed","title":"successfully parses DD/MM/YYYY date and mixed case method"}],"endTime":1768424770701,"message":"","name":"C:\\Users\\7410\\imanmcs_project\\backend\\__tests__\\adminBulkUpload.test.js","startTime":1768424769382,"status":"passed","summary":""},{"assertionResults":[{"ancestorTitles":["Bulk Disbursement API"],"duration":2054,"failureDetails":[],"failureMessages":[],"fullName":"Bulk Disbursement API should bulk disburse a waiting loan","invocations":1,"location":null,"numPassingAsserts":10,"retryReasons":[],"status":"passed","title":"should bulk disburse a waiting loan"},{"ancestorTitles":["Bulk Disbursement API"],"duration":231,"failureDetails":[],"failureMessages":[],"fullName":"Bulk Disbursement API should fail to disburse a pending loan","invocations":1,"location":null,"numPassingAsserts":3,"retryReasons":[],"status":"passed","title":"should fail to disburse a pending loan"}],"endTime":1768424776432,"message":"","name":"C:\\Users\\7410\\imanmcs_project\\backend\\tests\\bulk_disbursement.test.js","startTime":1768424770798,"status":"passed","summary":""},{"assertionResults":[{"ancestorTitles":["Loan API Integration Tests","POST /loans (Application)"],"duration":93,"failureDetails":[],"failureMessages":[],"fullName":"Loan API Integration Tests POST /loans (Application) should create a new loan application successfully","invocations":1,"location":null,"numPassingAsserts":9,"retryReasons":[],"status":"passed","title":"should create a new loan application successfully"},{"ancestorTitles":["Loan API Integration Tests","POST /loans (Application)"],"duration":10,"failureDetails":[],"failureMessages":[],"fullName":"Loan API Integration Tests POST /loans (Application) should fail validation when required fields are missing","invocations":1,"location":null,"numPassingAsserts":2,"retryReasons":[],"status":"passed","title":"should fail validation when required fields are missing"},{"ancestorTitles":["Loan API Integration Tests","POST /loans (Application)"],"duration":81,"failureDetails":[],"failureMessages":[],"fullName":"Loan API Integration Tests POST /loans (Application) should prevent duplicate active loans","invocations":1,"location":null,"numPassingAsserts":3,"retryReasons":[],"status":"passed","title":"should prevent duplicate active loans"},{"ancestorTitles":["Loan API Integration Tests","GET /loans"],"duration":248,"failureDetails":[],"failureMessages":[],"fullName":"Loan API Integration Tests GET /loans should retrieve loans for authenticated user","invocations":1,"location":null,"numPassingAsserts":7,"retryReasons":[],"status":"passed","title":"should retrieve loans for authenticated user"},{"ancestorTitles":["Loan API Integration Tests","GET /loans"],"duration":29,"failureDetails":[],"failureMessages":[],"fullName":"Loan API Integration Tests GET /loans should filter loans by status","invocations":1,"location":null,"numPassingAsserts":2,"retryReasons":[],"status":"passed","title":"should filter loans by status"},{"ancestorTitles":["Loan API Integration Tests","GET /loans"],"duration":41,"failureDetails":[],"failureMessages":[],"fullName":"Loan API Integration Tests GET /loans should handle search functionality (admin)","invocations":1,"location":null,"numPassingAsserts":3,"retryReasons":[],"status":"passed","title":"should handle search functionality (admin)"},{"ancestorTitles":["Loan API Integration Tests","Authorization Checks"],"duration":18,"failureDetails":[],"failureMessages":[],"fullName":"Loan API Integration Tests Authorization Checks should reject unauthenticated requests","invocations":1,"location":null,"numPassingAsserts":1,"retryReasons":[],"status":"passed","title":"should reject unauthenticated requests"}],"endTime":1768424780214,"message":"","name":"C:\\Users\\7410\\imanmcs_project\\backend\\tests\\loans_api.test.js","startTime":1768424776598,"status":"passed","summary":""},{"assertionResults":[{"ancestorTitles":["Member Search Limit Test"],"duration":248,"failureDetails":[],"failureMessages":[],"fullName":"Member Search Limit Test should return more than 10 results for search","invocations":1,"location":null,"numPassingAsserts":4,"retryReasons":[],"status":"passed","title":"should return more than 10 results for search"}],"endTime":1768424784632,"message":"","name":"C:\\Users\\7410\\imanmcs_project\\backend\\__tests__\\memberSearch.test.js","startTime":1768424780347,"status":"passed","summary":""},{"assertionResults":[{"ancestorTitles":["Secretary access controls"],"duration":232,"failureDetails":[],"failureMessages":[],"fullName":"Secretary access controls allows viewing chairman stats and logs access","invocations":1,"location":null,"numPassingAsserts":3,"retryReasons":[],"status":"passed","title":"allows viewing chairman stats and logs access"},{"ancestorTitles":["Secretary access controls"],"duration":53,"failureDetails":[],"failureMessages":[],"fullName":"Secretary access controls blocks secretary from creating expenses","invocations":1,"location":null,"numPassingAsserts":2,"retryReasons":[],"status":"passed","title":"blocks secretary from creating expenses"},{"ancestorTitles":["Secretary access controls"],"duration":46,"failureDetails":[],"failureMessages":[],"fullName":"Secretary access controls blocks secretary from updating expenses","invocations":1,"location":null,"numPassingAsserts":2,"retryReasons":[],"status":"passed","title":"blocks secretary from updating expenses"},{"ancestorTitles":["Secretary access controls"],"duration":133,"failureDetails":[],"failureMessages":[],"fullName":"Secretary access controls allows secretary to view loans","invocations":1,"location":null,"numPassingAsserts":3,"retryReasons":[],"status":"passed","title":"allows secretary to view loans"}],"endTime":1768424788057,"message":"","name":"C:\\Users\\7410\\imanmcs_project\\backend\\__tests__\\secretaryAccess.test.js","startTime":1768424784708,"status":"passed","summary":""},{"assertionResults":[{"ancestorTitles":["Admin Join Date Update"],"duration":122,"failureDetails":[],"failureMessages":[],"fullName":"Admin Join Date Update successfully updates member join date and logs activity","invocations":1,"location":null,"numPassingAsserts":11,"retryReasons":[],"status":"passed","title":"successfully updates member join date and logs activity"},{"ancestorTitles":["Admin Join Date Update"],"duration":32,"failureDetails":[],"failureMessages":[],"fullName":"Admin Join Date Update prevents future dates","invocations":1,"location":null,"numPassingAsserts":3,"retryReasons":[],"status":"passed","title":"prevents future dates"},{"ancestorTitles":["Admin Join Date Update"],"duration":17,"failureDetails":[],"failureMessages":[],"fullName":"Admin Join Date Update validates date format","invocations":1,"location":null,"numPassingAsserts":2,"retryReasons":[],"status":"passed","title":"validates date format"},{"ancestorTitles":["Admin Join Date Update"],"duration":31,"failureDetails":[],"failureMessages":[],"fullName":"Admin Join Date Update denies access to non-admin users","invocations":1,"location":null,"numPassingAsserts":3,"retryReasons":[],"status":"passed","title":"denies access to non-admin users"}],"endTime":1768424792062,"message":"","name":"C:\\Users\\7410\\imanmcs_project\\backend\\__tests__\\joinDateUpdate.test.js","startTime":1768424788128,"status":"passed","summary":""}],"wasInterrupted":false}
